mode: atomic
github.com/davidop97/apiGo/cmd/server/handler/batch.go:50.53,54.2 1 15
github.com/davidop97/apiGo/cmd/server/handler/batch.go:64.49,65.30 1 1
github.com/davidop97/apiGo/cmd/server/handler/batch.go:65.30,67.17 2 1
github.com/davidop97/apiGo/cmd/server/handler/batch.go:67.17,70.4 2 0
github.com/davidop97/apiGo/cmd/server/handler/batch.go:71.3,71.42 1 1
github.com/davidop97/apiGo/cmd/server/handler/batch.go:87.49,88.30 1 14
github.com/davidop97/apiGo/cmd/server/handler/batch.go:88.30,92.17 2 14
github.com/davidop97/apiGo/cmd/server/handler/batch.go:92.17,95.4 2 0
github.com/davidop97/apiGo/cmd/server/handler/batch.go:98.3,100.17 3 14
github.com/davidop97/apiGo/cmd/server/handler/batch.go:100.17,101.27 1 1
github.com/davidop97/apiGo/cmd/server/handler/batch.go:102.27,104.61 2 1
github.com/davidop97/apiGo/cmd/server/handler/batch.go:105.12,106.86 1 0
github.com/davidop97/apiGo/cmd/server/handler/batch.go:108.4,108.10 1 1
github.com/davidop97/apiGo/cmd/server/handler/batch.go:110.3,111.10 2 13
github.com/davidop97/apiGo/cmd/server/handler/batch.go:111.10,115.4 3 1
github.com/davidop97/apiGo/cmd/server/handler/batch.go:118.3,120.17 3 12
github.com/davidop97/apiGo/cmd/server/handler/batch.go:120.17,121.27 1 1
github.com/davidop97/apiGo/cmd/server/handler/batch.go:122.34,124.61 2 1
github.com/davidop97/apiGo/cmd/server/handler/batch.go:125.12,126.86 1 0
github.com/davidop97/apiGo/cmd/server/handler/batch.go:128.4,128.10 1 1
github.com/davidop97/apiGo/cmd/server/handler/batch.go:132.3,133.10 2 11
github.com/davidop97/apiGo/cmd/server/handler/batch.go:133.10,137.4 3 7
github.com/davidop97/apiGo/cmd/server/handler/batch.go:141.3,143.17 3 4
github.com/davidop97/apiGo/cmd/server/handler/batch.go:143.17,144.11 1 3
github.com/davidop97/apiGo/cmd/server/handler/batch.go:145.55,146.106 1 1
github.com/davidop97/apiGo/cmd/server/handler/batch.go:147.50,148.107 1 1
github.com/davidop97/apiGo/cmd/server/handler/batch.go:149.50,150.107 1 1
github.com/davidop97/apiGo/cmd/server/handler/batch.go:151.12,152.86 1 0
github.com/davidop97/apiGo/cmd/server/handler/batch.go:154.4,154.10 1 3
github.com/davidop97/apiGo/cmd/server/handler/batch.go:156.3,157.58 2 1
github.com/davidop97/apiGo/cmd/server/handler/batch.go:162.96,163.31 1 13
github.com/davidop97/apiGo/cmd/server/handler/batch.go:163.31,165.10 2 122
github.com/davidop97/apiGo/cmd/server/handler/batch.go:165.10,168.4 2 1
github.com/davidop97/apiGo/cmd/server/handler/batch.go:170.2,171.8 2 12
github.com/davidop97/apiGo/cmd/server/handler/batch.go:175.66,177.9 1 11
github.com/davidop97/apiGo/cmd/server/handler/batch.go:178.29,180.9 2 1
github.com/davidop97/apiGo/cmd/server/handler/batch.go:181.29,183.9 2 1
github.com/davidop97/apiGo/cmd/server/handler/batch.go:184.59,186.9 2 1
github.com/davidop97/apiGo/cmd/server/handler/batch.go:187.23,189.9 2 1
github.com/davidop97/apiGo/cmd/server/handler/batch.go:190.23,192.9 2 1
github.com/davidop97/apiGo/cmd/server/handler/batch.go:196.2,198.16 3 6
github.com/davidop97/apiGo/cmd/server/handler/batch.go:198.16,201.3 2 1
github.com/davidop97/apiGo/cmd/server/handler/batch.go:202.2,203.16 2 5
github.com/davidop97/apiGo/cmd/server/handler/batch.go:203.16,206.3 2 1
github.com/davidop97/apiGo/cmd/server/handler/batch.go:208.2,209.8 2 4
github.com/davidop97/apiGo/cmd/server/handler/batch.go:213.63,225.2 11 4
github.com/davidop97/apiGo/cmd/server/handler/buyer.go:17.39,21.2 1 24
github.com/davidop97/apiGo/cmd/server/handler/buyer.go:47.39,48.30 1 4
github.com/davidop97/apiGo/cmd/server/handler/buyer.go:48.30,52.17 2 4
github.com/davidop97/apiGo/cmd/server/handler/buyer.go:52.17,55.4 2 1
github.com/davidop97/apiGo/cmd/server/handler/buyer.go:59.3,61.17 2 3
github.com/davidop97/apiGo/cmd/server/handler/buyer.go:61.17,62.11 1 2
github.com/davidop97/apiGo/cmd/server/handler/buyer.go:63.43,64.67 1 1
github.com/davidop97/apiGo/cmd/server/handler/buyer.go:65.12,66.78 1 1
github.com/davidop97/apiGo/cmd/server/handler/buyer.go:68.4,68.10 1 2
github.com/davidop97/apiGo/cmd/server/handler/buyer.go:72.3,72.42 1 1
github.com/davidop97/apiGo/cmd/server/handler/buyer.go:85.42,86.30 1 3
github.com/davidop97/apiGo/cmd/server/handler/buyer.go:86.30,90.17 2 3
github.com/davidop97/apiGo/cmd/server/handler/buyer.go:90.17,93.4 2 1
github.com/davidop97/apiGo/cmd/server/handler/buyer.go:94.3,96.5 1 2
github.com/davidop97/apiGo/cmd/server/handler/buyer.go:114.42,115.30 1 5
github.com/davidop97/apiGo/cmd/server/handler/buyer.go:115.30,117.48 2 5
github.com/davidop97/apiGo/cmd/server/handler/buyer.go:117.48,120.4 2 1
github.com/davidop97/apiGo/cmd/server/handler/buyer.go:123.3,123.74 1 4
github.com/davidop97/apiGo/cmd/server/handler/buyer.go:123.74,126.4 2 1
github.com/davidop97/apiGo/cmd/server/handler/buyer.go:129.3,137.17 3 3
github.com/davidop97/apiGo/cmd/server/handler/buyer.go:137.17,138.11 1 2
github.com/davidop97/apiGo/cmd/server/handler/buyer.go:139.48,140.72 1 1
github.com/davidop97/apiGo/cmd/server/handler/buyer.go:141.12,142.84 1 1
github.com/davidop97/apiGo/cmd/server/handler/buyer.go:144.4,144.10 1 2
github.com/davidop97/apiGo/cmd/server/handler/buyer.go:147.3,154.53 3 1
github.com/davidop97/apiGo/cmd/server/handler/buyer.go:172.42,173.30 1 7
github.com/davidop97/apiGo/cmd/server/handler/buyer.go:173.30,176.17 2 7
github.com/davidop97/apiGo/cmd/server/handler/buyer.go:176.17,179.4 2 1
github.com/davidop97/apiGo/cmd/server/handler/buyer.go:181.3,183.17 2 6
github.com/davidop97/apiGo/cmd/server/handler/buyer.go:183.17,184.11 1 2
github.com/davidop97/apiGo/cmd/server/handler/buyer.go:185.43,186.67 1 1
github.com/davidop97/apiGo/cmd/server/handler/buyer.go:187.12,188.84 1 1
github.com/davidop97/apiGo/cmd/server/handler/buyer.go:190.4,190.10 1 2
github.com/davidop97/apiGo/cmd/server/handler/buyer.go:193.3,194.48 2 4
github.com/davidop97/apiGo/cmd/server/handler/buyer.go:194.48,197.4 2 1
github.com/davidop97/apiGo/cmd/server/handler/buyer.go:199.3,208.17 3 3
github.com/davidop97/apiGo/cmd/server/handler/buyer.go:208.17,209.11 1 2
github.com/davidop97/apiGo/cmd/server/handler/buyer.go:210.48,211.72 1 1
github.com/davidop97/apiGo/cmd/server/handler/buyer.go:212.12,213.84 1 1
github.com/davidop97/apiGo/cmd/server/handler/buyer.go:215.4,215.10 1 2
github.com/davidop97/apiGo/cmd/server/handler/buyer.go:218.3,218.43 1 1
github.com/davidop97/apiGo/cmd/server/handler/buyer.go:233.42,234.30 1 5
github.com/davidop97/apiGo/cmd/server/handler/buyer.go:234.30,239.17 2 5
github.com/davidop97/apiGo/cmd/server/handler/buyer.go:239.17,242.4 2 1
github.com/davidop97/apiGo/cmd/server/handler/buyer.go:246.3,247.17 2 4
github.com/davidop97/apiGo/cmd/server/handler/buyer.go:247.17,248.11 1 3
github.com/davidop97/apiGo/cmd/server/handler/buyer.go:249.43,250.67 1 2
github.com/davidop97/apiGo/cmd/server/handler/buyer.go:251.12,252.78 1 1
github.com/davidop97/apiGo/cmd/server/handler/buyer.go:254.4,254.10 1 3
github.com/davidop97/apiGo/cmd/server/handler/buyer.go:258.3,258.36 1 1
github.com/davidop97/apiGo/cmd/server/handler/carries.go:18.41,22.2 1 14
github.com/davidop97/apiGo/cmd/server/handler/carries.go:31.42,32.32 1 1
github.com/davidop97/apiGo/cmd/server/handler/carries.go:32.32,34.17 2 1
github.com/davidop97/apiGo/cmd/server/handler/carries.go:34.17,37.4 2 0
github.com/davidop97/apiGo/cmd/server/handler/carries.go:39.3,41.5 1 1
github.com/davidop97/apiGo/cmd/server/handler/carries.go:53.40,54.32 1 7
github.com/davidop97/apiGo/cmd/server/handler/carries.go:54.32,58.17 3 7
github.com/davidop97/apiGo/cmd/server/handler/carries.go:58.17,61.4 2 1
github.com/davidop97/apiGo/cmd/server/handler/carries.go:64.3,65.17 2 6
github.com/davidop97/apiGo/cmd/server/handler/carries.go:65.17,68.4 2 1
github.com/davidop97/apiGo/cmd/server/handler/carries.go:70.3,71.17 2 5
github.com/davidop97/apiGo/cmd/server/handler/carries.go:71.17,74.4 2 1
github.com/davidop97/apiGo/cmd/server/handler/carries.go:75.3,79.17 3 4
github.com/davidop97/apiGo/cmd/server/handler/carries.go:79.17,82.4 2 0
github.com/davidop97/apiGo/cmd/server/handler/carries.go:85.3,88.17 4 4
github.com/davidop97/apiGo/cmd/server/handler/carries.go:88.17,89.48 1 3
github.com/davidop97/apiGo/cmd/server/handler/carries.go:89.48,92.5 2 1
github.com/davidop97/apiGo/cmd/server/handler/carries.go:92.10,92.56 1 2
github.com/davidop97/apiGo/cmd/server/handler/carries.go:92.56,95.5 2 1
github.com/davidop97/apiGo/cmd/server/handler/carries.go:95.10,95.65 1 1
github.com/davidop97/apiGo/cmd/server/handler/carries.go:95.65,98.5 2 1
github.com/davidop97/apiGo/cmd/server/handler/carries.go:99.4,100.10 2 0
github.com/davidop97/apiGo/cmd/server/handler/carries.go:103.3,106.5 2 1
github.com/davidop97/apiGo/cmd/server/handler/carries.go:117.56,118.32 1 6
github.com/davidop97/apiGo/cmd/server/handler/carries.go:118.32,119.28 1 6
github.com/davidop97/apiGo/cmd/server/handler/carries.go:119.28,121.18 2 1
github.com/davidop97/apiGo/cmd/server/handler/carries.go:121.18,124.5 2 0
github.com/davidop97/apiGo/cmd/server/handler/carries.go:126.4,129.10 2 1
github.com/davidop97/apiGo/cmd/server/handler/carries.go:132.3,133.17 2 5
github.com/davidop97/apiGo/cmd/server/handler/carries.go:133.17,136.4 2 1
github.com/davidop97/apiGo/cmd/server/handler/carries.go:138.3,139.17 2 4
github.com/davidop97/apiGo/cmd/server/handler/carries.go:139.17,140.58 1 2
github.com/davidop97/apiGo/cmd/server/handler/carries.go:140.58,143.5 2 2
github.com/davidop97/apiGo/cmd/server/handler/carries.go:144.4,145.10 2 0
github.com/davidop97/apiGo/cmd/server/handler/carries.go:148.3,150.5 1 2
github.com/davidop97/apiGo/cmd/server/handler/employee.go:20.62,24.2 1 17
github.com/davidop97/apiGo/cmd/server/handler/employee.go:51.42,52.30 1 2
github.com/davidop97/apiGo/cmd/server/handler/employee.go:52.30,55.17 3 2
github.com/davidop97/apiGo/cmd/server/handler/employee.go:55.17,57.4 1 0
github.com/davidop97/apiGo/cmd/server/handler/employee.go:58.3,59.17 2 2
github.com/davidop97/apiGo/cmd/server/handler/employee.go:59.17,60.11 1 1
github.com/davidop97/apiGo/cmd/server/handler/employee.go:61.46,63.11 2 1
github.com/davidop97/apiGo/cmd/server/handler/employee.go:64.12,66.11 2 0
github.com/davidop97/apiGo/cmd/server/handler/employee.go:69.3,69.56 1 1
github.com/davidop97/apiGo/cmd/server/handler/employee.go:79.45,80.30 1 3
github.com/davidop97/apiGo/cmd/server/handler/employee.go:80.30,82.17 2 3
github.com/davidop97/apiGo/cmd/server/handler/employee.go:82.17,85.4 2 1
github.com/davidop97/apiGo/cmd/server/handler/employee.go:86.3,86.50 1 2
github.com/davidop97/apiGo/cmd/server/handler/employee.go:99.45,100.30 1 5
github.com/davidop97/apiGo/cmd/server/handler/employee.go:100.30,103.17 2 5
github.com/davidop97/apiGo/cmd/server/handler/employee.go:103.17,106.4 2 0
github.com/davidop97/apiGo/cmd/server/handler/employee.go:109.3,111.17 3 5
github.com/davidop97/apiGo/cmd/server/handler/employee.go:111.17,114.4 2 0
github.com/davidop97/apiGo/cmd/server/handler/employee.go:115.3,116.17 2 5
github.com/davidop97/apiGo/cmd/server/handler/employee.go:116.17,119.4 2 1
github.com/davidop97/apiGo/cmd/server/handler/employee.go:122.3,124.17 3 4
github.com/davidop97/apiGo/cmd/server/handler/employee.go:124.17,127.4 2 0
github.com/davidop97/apiGo/cmd/server/handler/employee.go:130.3,131.17 2 4
github.com/davidop97/apiGo/cmd/server/handler/employee.go:131.17,134.4 2 0
github.com/davidop97/apiGo/cmd/server/handler/employee.go:137.3,139.17 3 4
github.com/davidop97/apiGo/cmd/server/handler/employee.go:139.17,140.11 1 2
github.com/davidop97/apiGo/cmd/server/handler/employee.go:141.59,143.11 2 2
github.com/davidop97/apiGo/cmd/server/handler/employee.go:144.12,145.79 1 0
github.com/davidop97/apiGo/cmd/server/handler/employee.go:150.3,151.57 2 2
github.com/davidop97/apiGo/cmd/server/handler/employee.go:163.45,164.30 1 4
github.com/davidop97/apiGo/cmd/server/handler/employee.go:164.30,168.28 2 4
github.com/davidop97/apiGo/cmd/server/handler/employee.go:168.28,171.4 2 1
github.com/davidop97/apiGo/cmd/server/handler/employee.go:174.3,175.17 2 3
github.com/davidop97/apiGo/cmd/server/handler/employee.go:175.17,178.4 2 1
github.com/davidop97/apiGo/cmd/server/handler/employee.go:181.3,184.17 3 2
github.com/davidop97/apiGo/cmd/server/handler/employee.go:184.17,187.4 2 0
github.com/davidop97/apiGo/cmd/server/handler/employee.go:189.3,192.17 3 2
github.com/davidop97/apiGo/cmd/server/handler/employee.go:192.17,195.4 2 0
github.com/davidop97/apiGo/cmd/server/handler/employee.go:199.3,201.17 3 2
github.com/davidop97/apiGo/cmd/server/handler/employee.go:201.17,202.11 1 1
github.com/davidop97/apiGo/cmd/server/handler/employee.go:203.59,204.78 1 1
github.com/davidop97/apiGo/cmd/server/handler/employee.go:205.12,206.79 1 0
github.com/davidop97/apiGo/cmd/server/handler/employee.go:208.4,208.10 1 1
github.com/davidop97/apiGo/cmd/server/handler/employee.go:212.3,212.56 1 1
github.com/davidop97/apiGo/cmd/server/handler/employee.go:248.45,249.30 1 3
github.com/davidop97/apiGo/cmd/server/handler/employee.go:249.30,252.28 3 3
github.com/davidop97/apiGo/cmd/server/handler/employee.go:252.28,255.4 2 1
github.com/davidop97/apiGo/cmd/server/handler/employee.go:259.3,261.17 2 2
github.com/davidop97/apiGo/cmd/server/handler/employee.go:261.17,262.11 1 1
github.com/davidop97/apiGo/cmd/server/handler/employee.go:263.46,264.72 1 1
github.com/davidop97/apiGo/cmd/server/handler/employee.go:265.12,266.79 1 0
github.com/davidop97/apiGo/cmd/server/handler/employee.go:268.4,268.10 1 1
github.com/davidop97/apiGo/cmd/server/handler/employee.go:272.3,272.36 1 1
github.com/davidop97/apiGo/cmd/server/handler/employee.go:277.73,278.31 1 11
github.com/davidop97/apiGo/cmd/server/handler/employee.go:278.31,280.10 2 38
github.com/davidop97/apiGo/cmd/server/handler/employee.go:280.10,283.4 2 2
github.com/davidop97/apiGo/cmd/server/handler/employee.go:285.2,285.12 1 9
github.com/davidop97/apiGo/cmd/server/handler/employee.go:289.47,290.26 1 6
github.com/davidop97/apiGo/cmd/server/handler/employee.go:290.26,292.3 1 0
github.com/davidop97/apiGo/cmd/server/handler/employee.go:293.2,293.12 1 6
github.com/davidop97/apiGo/cmd/server/handler/employee.go:297.76,304.2 6 6
github.com/davidop97/apiGo/cmd/server/handler/employee.go:307.76,314.2 6 2
github.com/davidop97/apiGo/cmd/server/handler/inboudOrder.go:21.74,25.2 1 13
github.com/davidop97/apiGo/cmd/server/handler/inboudOrder.go:55.55,56.30 1 2
github.com/davidop97/apiGo/cmd/server/handler/inboudOrder.go:56.30,59.17 2 2
github.com/davidop97/apiGo/cmd/server/handler/inboudOrder.go:59.17,63.4 2 1
github.com/davidop97/apiGo/cmd/server/handler/inboudOrder.go:66.3,69.34 2 1
github.com/davidop97/apiGo/cmd/server/handler/inboudOrder.go:84.56,85.30 1 5
github.com/davidop97/apiGo/cmd/server/handler/inboudOrder.go:85.30,88.26 2 5
github.com/davidop97/apiGo/cmd/server/handler/inboudOrder.go:88.26,91.4 2 1
github.com/davidop97/apiGo/cmd/server/handler/inboudOrder.go:92.3,93.17 2 4
github.com/davidop97/apiGo/cmd/server/handler/inboudOrder.go:93.17,96.4 2 1
github.com/davidop97/apiGo/cmd/server/handler/inboudOrder.go:98.3,99.17 2 3
github.com/davidop97/apiGo/cmd/server/handler/inboudOrder.go:99.17,100.11 1 2
github.com/davidop97/apiGo/cmd/server/handler/inboudOrder.go:101.57,103.11 2 1
github.com/davidop97/apiGo/cmd/server/handler/inboudOrder.go:104.12,106.11 2 1
github.com/davidop97/apiGo/cmd/server/handler/inboudOrder.go:110.3,110.47 1 1
github.com/davidop97/apiGo/cmd/server/handler/inboudOrder.go:125.60,126.30 1 6
github.com/davidop97/apiGo/cmd/server/handler/inboudOrder.go:126.30,128.17 2 6
github.com/davidop97/apiGo/cmd/server/handler/inboudOrder.go:128.17,131.4 2 0
github.com/davidop97/apiGo/cmd/server/handler/inboudOrder.go:134.3,136.17 3 6
github.com/davidop97/apiGo/cmd/server/handler/inboudOrder.go:136.17,139.4 2 0
github.com/davidop97/apiGo/cmd/server/handler/inboudOrder.go:140.3,141.17 2 6
github.com/davidop97/apiGo/cmd/server/handler/inboudOrder.go:141.17,144.4 2 1
github.com/davidop97/apiGo/cmd/server/handler/inboudOrder.go:147.3,149.17 3 5
github.com/davidop97/apiGo/cmd/server/handler/inboudOrder.go:149.17,152.4 2 0
github.com/davidop97/apiGo/cmd/server/handler/inboudOrder.go:155.3,156.17 2 5
github.com/davidop97/apiGo/cmd/server/handler/inboudOrder.go:156.17,159.4 2 0
github.com/davidop97/apiGo/cmd/server/handler/inboudOrder.go:160.3,164.17 3 5
github.com/davidop97/apiGo/cmd/server/handler/inboudOrder.go:164.17,167.4 2 1
github.com/davidop97/apiGo/cmd/server/handler/inboudOrder.go:170.3,172.17 3 4
github.com/davidop97/apiGo/cmd/server/handler/inboudOrder.go:172.17,173.11 1 3
github.com/davidop97/apiGo/cmd/server/handler/inboudOrder.go:174.66,176.11 2 1
github.com/davidop97/apiGo/cmd/server/handler/inboudOrder.go:177.62,179.11 2 1
github.com/davidop97/apiGo/cmd/server/handler/inboudOrder.go:180.63,182.11 2 1
github.com/davidop97/apiGo/cmd/server/handler/inboudOrder.go:183.12,184.120 1 0
github.com/davidop97/apiGo/cmd/server/handler/inboudOrder.go:189.3,190.60 2 1
github.com/davidop97/apiGo/cmd/server/handler/inboudOrder.go:194.90,203.2 7 4
github.com/davidop97/apiGo/cmd/server/handler/inboudOrder.go:206.85,214.2 7 0
github.com/davidop97/apiGo/cmd/server/handler/inboudOrder.go:217.57,218.26 1 5
github.com/davidop97/apiGo/cmd/server/handler/inboudOrder.go:218.26,220.3 1 1
github.com/davidop97/apiGo/cmd/server/handler/inboudOrder.go:221.2,221.12 1 4
github.com/davidop97/apiGo/cmd/server/handler/locality.go:30.48,34.2 1 18
github.com/davidop97/apiGo/cmd/server/handler/locality.go:46.54,47.30 1 5
github.com/davidop97/apiGo/cmd/server/handler/locality.go:47.30,51.17 3 5
github.com/davidop97/apiGo/cmd/server/handler/locality.go:51.17,55.4 2 1
github.com/davidop97/apiGo/cmd/server/handler/locality.go:57.3,57.13 1 4
github.com/davidop97/apiGo/cmd/server/handler/locality.go:57.13,61.4 2 1
github.com/davidop97/apiGo/cmd/server/handler/locality.go:64.3,66.17 2 3
github.com/davidop97/apiGo/cmd/server/handler/locality.go:66.17,67.52 1 2
github.com/davidop97/apiGo/cmd/server/handler/locality.go:67.52,69.5 1 1
github.com/davidop97/apiGo/cmd/server/handler/locality.go:69.10,72.5 1 1
github.com/davidop97/apiGo/cmd/server/handler/locality.go:73.4,73.10 1 2
github.com/davidop97/apiGo/cmd/server/handler/locality.go:76.3,76.46 1 1
github.com/davidop97/apiGo/cmd/server/handler/locality.go:88.45,89.30 1 5
github.com/davidop97/apiGo/cmd/server/handler/locality.go:89.30,92.17 2 5
github.com/davidop97/apiGo/cmd/server/handler/locality.go:92.17,93.42 1 3
github.com/davidop97/apiGo/cmd/server/handler/locality.go:93.42,95.5 1 1
github.com/davidop97/apiGo/cmd/server/handler/locality.go:95.10,98.5 1 2
github.com/davidop97/apiGo/cmd/server/handler/locality.go:99.4,99.10 1 3
github.com/davidop97/apiGo/cmd/server/handler/locality.go:102.3,102.47 1 2
github.com/davidop97/apiGo/cmd/server/handler/locality.go:117.45,118.30 1 6
github.com/davidop97/apiGo/cmd/server/handler/locality.go:118.30,123.17 2 6
github.com/davidop97/apiGo/cmd/server/handler/locality.go:123.17,127.4 2 0
github.com/davidop97/apiGo/cmd/server/handler/locality.go:129.3,132.17 3 6
github.com/davidop97/apiGo/cmd/server/handler/locality.go:132.17,136.4 2 1
github.com/davidop97/apiGo/cmd/server/handler/locality.go:138.3,139.71 2 5
github.com/davidop97/apiGo/cmd/server/handler/locality.go:139.71,143.4 2 1
github.com/davidop97/apiGo/cmd/server/handler/locality.go:145.3,149.46 2 4
github.com/davidop97/apiGo/cmd/server/handler/locality.go:149.46,152.26 2 10
github.com/davidop97/apiGo/cmd/server/handler/locality.go:152.26,155.5 2 1
github.com/davidop97/apiGo/cmd/server/handler/locality.go:159.3,163.17 3 3
github.com/davidop97/apiGo/cmd/server/handler/locality.go:163.17,167.4 2 0
github.com/davidop97/apiGo/cmd/server/handler/locality.go:171.3,179.17 3 3
github.com/davidop97/apiGo/cmd/server/handler/locality.go:179.17,183.4 2 0
github.com/davidop97/apiGo/cmd/server/handler/locality.go:186.3,187.17 2 3
github.com/davidop97/apiGo/cmd/server/handler/locality.go:187.17,188.57 1 2
github.com/davidop97/apiGo/cmd/server/handler/locality.go:188.57,190.5 1 1
github.com/davidop97/apiGo/cmd/server/handler/locality.go:190.10,192.5 1 1
github.com/davidop97/apiGo/cmd/server/handler/locality.go:193.4,193.10 1 2
github.com/davidop97/apiGo/cmd/server/handler/locality.go:198.3,206.57 2 1
github.com/davidop97/apiGo/cmd/server/handler/locality.go:222.55,223.30 1 2
github.com/davidop97/apiGo/cmd/server/handler/locality.go:223.30,227.20 3 2
github.com/davidop97/apiGo/cmd/server/handler/locality.go:227.20,230.18 3 2
github.com/davidop97/apiGo/cmd/server/handler/locality.go:230.18,234.5 2 0
github.com/davidop97/apiGo/cmd/server/handler/locality.go:235.4,235.14 1 2
github.com/davidop97/apiGo/cmd/server/handler/locality.go:235.14,239.5 2 0
github.com/davidop97/apiGo/cmd/server/handler/locality.go:241.4,242.18 2 2
github.com/davidop97/apiGo/cmd/server/handler/locality.go:242.18,243.54 1 0
github.com/davidop97/apiGo/cmd/server/handler/locality.go:243.54,246.6 1 0
github.com/davidop97/apiGo/cmd/server/handler/locality.go:246.11,249.6 1 0
github.com/davidop97/apiGo/cmd/server/handler/locality.go:250.5,250.11 1 0
github.com/davidop97/apiGo/cmd/server/handler/locality.go:255.3,256.17 2 2
github.com/davidop97/apiGo/cmd/server/handler/locality.go:256.17,257.42 1 1
github.com/davidop97/apiGo/cmd/server/handler/locality.go:257.42,260.5 1 0
github.com/davidop97/apiGo/cmd/server/handler/locality.go:260.10,263.5 1 1
github.com/davidop97/apiGo/cmd/server/handler/locality.go:264.4,264.10 1 1
github.com/davidop97/apiGo/cmd/server/handler/locality.go:267.3,267.40 1 1
github.com/davidop97/apiGo/cmd/server/handler/product.go:31.51,35.2 1 37
github.com/davidop97/apiGo/cmd/server/handler/product.go:45.42,46.30 1 1
github.com/davidop97/apiGo/cmd/server/handler/product.go:46.30,48.3 1 1
github.com/davidop97/apiGo/cmd/server/handler/product.go:58.44,59.30 1 2
github.com/davidop97/apiGo/cmd/server/handler/product.go:59.30,61.17 2 2
github.com/davidop97/apiGo/cmd/server/handler/product.go:61.17,64.4 2 1
github.com/davidop97/apiGo/cmd/server/handler/product.go:66.3,66.42 1 1
github.com/davidop97/apiGo/cmd/server/handler/product.go:81.41,82.30 1 4
github.com/davidop97/apiGo/cmd/server/handler/product.go:82.30,84.17 2 4
github.com/davidop97/apiGo/cmd/server/handler/product.go:84.17,87.4 2 1
github.com/davidop97/apiGo/cmd/server/handler/product.go:89.3,90.17 2 3
github.com/davidop97/apiGo/cmd/server/handler/product.go:90.17,91.11 1 2
github.com/davidop97/apiGo/cmd/server/handler/product.go:92.45,94.11 2 1
github.com/davidop97/apiGo/cmd/server/handler/product.go:95.12,97.11 2 1
github.com/davidop97/apiGo/cmd/server/handler/product.go:101.3,101.42 1 1
github.com/davidop97/apiGo/cmd/server/handler/product.go:116.44,117.30 1 7
github.com/davidop97/apiGo/cmd/server/handler/product.go:117.30,122.17 3 7
github.com/davidop97/apiGo/cmd/server/handler/product.go:122.17,125.4 2 1
github.com/davidop97/apiGo/cmd/server/handler/product.go:127.3,127.25 1 6
github.com/davidop97/apiGo/cmd/server/handler/product.go:127.25,130.4 2 1
github.com/davidop97/apiGo/cmd/server/handler/product.go:133.3,135.17 2 5
github.com/davidop97/apiGo/cmd/server/handler/product.go:135.17,136.11 1 3
github.com/davidop97/apiGo/cmd/server/handler/product.go:137.54,139.11 2 2
github.com/davidop97/apiGo/cmd/server/handler/product.go:140.12,142.11 2 1
github.com/davidop97/apiGo/cmd/server/handler/product.go:146.3,161.47 2 2
github.com/davidop97/apiGo/cmd/server/handler/product.go:165.48,166.31 1 6
github.com/davidop97/apiGo/cmd/server/handler/product.go:166.31,168.3 1 1
github.com/davidop97/apiGo/cmd/server/handler/product.go:170.2,170.65 1 5
github.com/davidop97/apiGo/cmd/server/handler/product.go:170.65,172.3 1 0
github.com/davidop97/apiGo/cmd/server/handler/product.go:174.2,174.61 1 5
github.com/davidop97/apiGo/cmd/server/handler/product.go:174.61,176.3 1 0
github.com/davidop97/apiGo/cmd/server/handler/product.go:178.2,178.25 1 5
github.com/davidop97/apiGo/cmd/server/handler/product.go:178.25,180.3 1 0
github.com/davidop97/apiGo/cmd/server/handler/product.go:182.2,182.25 1 5
github.com/davidop97/apiGo/cmd/server/handler/product.go:182.25,184.3 1 0
github.com/davidop97/apiGo/cmd/server/handler/product.go:186.2,186.28 1 5
github.com/davidop97/apiGo/cmd/server/handler/product.go:186.28,188.3 1 0
github.com/davidop97/apiGo/cmd/server/handler/product.go:190.2,190.65 1 5
github.com/davidop97/apiGo/cmd/server/handler/product.go:190.65,192.3 1 0
github.com/davidop97/apiGo/cmd/server/handler/product.go:194.2,194.65 1 5
github.com/davidop97/apiGo/cmd/server/handler/product.go:194.65,196.3 1 0
github.com/davidop97/apiGo/cmd/server/handler/product.go:198.2,198.24 1 5
github.com/davidop97/apiGo/cmd/server/handler/product.go:198.24,200.3 1 0
github.com/davidop97/apiGo/cmd/server/handler/product.go:202.2,202.32 1 5
github.com/davidop97/apiGo/cmd/server/handler/product.go:202.32,204.3 1 0
github.com/davidop97/apiGo/cmd/server/handler/product.go:206.2,206.13 1 5
github.com/davidop97/apiGo/cmd/server/handler/product.go:222.44,223.30 1 7
github.com/davidop97/apiGo/cmd/server/handler/product.go:223.30,225.28 2 7
github.com/davidop97/apiGo/cmd/server/handler/product.go:225.28,228.4 2 1
github.com/davidop97/apiGo/cmd/server/handler/product.go:231.3,232.17 2 6
github.com/davidop97/apiGo/cmd/server/handler/product.go:232.17,233.11 1 2
github.com/davidop97/apiGo/cmd/server/handler/product.go:234.45,236.11 2 1
github.com/davidop97/apiGo/cmd/server/handler/product.go:237.12,239.11 2 1
github.com/davidop97/apiGo/cmd/server/handler/product.go:243.3,244.17 2 4
github.com/davidop97/apiGo/cmd/server/handler/product.go:244.17,247.4 2 1
github.com/davidop97/apiGo/cmd/server/handler/product.go:249.3,265.17 3 3
github.com/davidop97/apiGo/cmd/server/handler/product.go:265.17,266.11 1 2
github.com/davidop97/apiGo/cmd/server/handler/product.go:267.54,269.11 2 1
github.com/davidop97/apiGo/cmd/server/handler/product.go:270.12,272.11 2 1
github.com/davidop97/apiGo/cmd/server/handler/product.go:276.3,276.40 1 1
github.com/davidop97/apiGo/cmd/server/handler/product.go:291.44,292.30 1 4
github.com/davidop97/apiGo/cmd/server/handler/product.go:292.30,294.17 2 4
github.com/davidop97/apiGo/cmd/server/handler/product.go:294.17,297.4 2 1
github.com/davidop97/apiGo/cmd/server/handler/product.go:299.3,300.17 2 3
github.com/davidop97/apiGo/cmd/server/handler/product.go:300.17,301.11 1 2
github.com/davidop97/apiGo/cmd/server/handler/product.go:302.45,304.11 2 1
github.com/davidop97/apiGo/cmd/server/handler/product.go:305.12,307.11 2 1
github.com/davidop97/apiGo/cmd/server/handler/product.go:311.3,311.55 1 1
github.com/davidop97/apiGo/cmd/server/handler/product.go:325.57,326.30 1 8
github.com/davidop97/apiGo/cmd/server/handler/product.go:326.30,331.17 3 8
github.com/davidop97/apiGo/cmd/server/handler/product.go:331.17,334.4 2 1
github.com/davidop97/apiGo/cmd/server/handler/product.go:337.3,337.97 1 7
github.com/davidop97/apiGo/cmd/server/handler/product.go:337.97,340.4 2 1
github.com/davidop97/apiGo/cmd/server/handler/product.go:343.3,343.27 1 6
github.com/davidop97/apiGo/cmd/server/handler/product.go:343.27,345.18 2 6
github.com/davidop97/apiGo/cmd/server/handler/product.go:345.18,348.5 2 1
github.com/davidop97/apiGo/cmd/server/handler/product.go:351.3,352.17 2 5
github.com/davidop97/apiGo/cmd/server/handler/product.go:352.17,353.11 1 3
github.com/davidop97/apiGo/cmd/server/handler/product.go:354.45,356.11 2 2
github.com/davidop97/apiGo/cmd/server/handler/product.go:357.12,359.11 2 1
github.com/davidop97/apiGo/cmd/server/handler/product.go:364.3,372.45 2 2
github.com/davidop97/apiGo/cmd/server/handler/product.go:385.54,386.30 1 4
github.com/davidop97/apiGo/cmd/server/handler/product.go:386.30,391.20 3 4
github.com/davidop97/apiGo/cmd/server/handler/product.go:391.20,394.18 3 4
github.com/davidop97/apiGo/cmd/server/handler/product.go:394.18,397.5 2 1
github.com/davidop97/apiGo/cmd/server/handler/product.go:400.3,401.17 2 3
github.com/davidop97/apiGo/cmd/server/handler/product.go:401.17,402.11 1 2
github.com/davidop97/apiGo/cmd/server/handler/product.go:403.45,405.11 2 1
github.com/davidop97/apiGo/cmd/server/handler/product.go:406.12,408.11 2 1
github.com/davidop97/apiGo/cmd/server/handler/product.go:412.3,412.42 1 1
github.com/davidop97/apiGo/cmd/server/handler/purchase_order.go:18.72,20.2 1 14
github.com/davidop97/apiGo/cmd/server/handler/purchase_order.go:44.51,45.30 1 9
github.com/davidop97/apiGo/cmd/server/handler/purchase_order.go:45.30,49.52 2 9
github.com/davidop97/apiGo/cmd/server/handler/purchase_order.go:49.52,52.4 2 1
github.com/davidop97/apiGo/cmd/server/handler/purchase_order.go:56.3,57.27 2 8
github.com/davidop97/apiGo/cmd/server/handler/purchase_order.go:57.27,60.4 2 1
github.com/davidop97/apiGo/cmd/server/handler/purchase_order.go:62.3,63.13 2 7
github.com/davidop97/apiGo/cmd/server/handler/purchase_order.go:63.13,66.4 2 1
github.com/davidop97/apiGo/cmd/server/handler/purchase_order.go:70.3,83.17 3 6
github.com/davidop97/apiGo/cmd/server/handler/purchase_order.go:83.17,84.11 1 4
github.com/davidop97/apiGo/cmd/server/handler/purchase_order.go:85.70,86.81 1 1
github.com/davidop97/apiGo/cmd/server/handler/purchase_order.go:87.60,88.70 1 1
github.com/davidop97/apiGo/cmd/server/handler/purchase_order.go:89.68,90.79 1 1
github.com/davidop97/apiGo/cmd/server/handler/purchase_order.go:91.12,92.84 1 1
github.com/davidop97/apiGo/cmd/server/handler/purchase_order.go:94.4,94.10 1 4
github.com/davidop97/apiGo/cmd/server/handler/purchase_order.go:97.3,98.54 2 2
github.com/davidop97/apiGo/cmd/server/handler/purchase_order.go:113.72,114.30 1 5
github.com/davidop97/apiGo/cmd/server/handler/purchase_order.go:114.30,118.25 2 5
github.com/davidop97/apiGo/cmd/server/handler/purchase_order.go:118.25,121.4 1 0
github.com/davidop97/apiGo/cmd/server/handler/purchase_order.go:122.3,123.32 2 5
github.com/davidop97/apiGo/cmd/server/handler/purchase_order.go:123.32,126.4 2 0
github.com/davidop97/apiGo/cmd/server/handler/purchase_order.go:129.3,130.17 2 5
github.com/davidop97/apiGo/cmd/server/handler/purchase_order.go:130.17,131.11 1 2
github.com/davidop97/apiGo/cmd/server/handler/purchase_order.go:132.60,133.70 1 1
github.com/davidop97/apiGo/cmd/server/handler/purchase_order.go:134.12,135.84 1 1
github.com/davidop97/apiGo/cmd/server/handler/purchase_order.go:137.4,137.10 1 2
github.com/davidop97/apiGo/cmd/server/handler/purchase_order.go:140.3,140.24 1 3
github.com/davidop97/apiGo/cmd/server/handler/purchase_order.go:140.24,143.4 2 1
github.com/davidop97/apiGo/cmd/server/handler/purchase_order.go:146.3,146.48 1 2
github.com/davidop97/apiGo/cmd/server/handler/purchase_order.go:152.71,153.9 1 8
github.com/davidop97/apiGo/cmd/server/handler/purchase_order.go:154.90,155.52 1 1
github.com/davidop97/apiGo/cmd/server/handler/purchase_order.go:156.90,157.27 1 0
github.com/davidop97/apiGo/cmd/server/handler/purchase_order.go:157.27,159.4 1 0
github.com/davidop97/apiGo/cmd/server/handler/purchase_order.go:160.3,160.35 1 0
github.com/davidop97/apiGo/cmd/server/handler/purchase_order.go:160.35,162.4 1 0
github.com/davidop97/apiGo/cmd/server/handler/purchase_order.go:163.3,163.33 1 0
github.com/davidop97/apiGo/cmd/server/handler/purchase_order.go:163.33,165.4 1 0
github.com/davidop97/apiGo/cmd/server/handler/purchase_order.go:167.2,167.18 1 7
github.com/davidop97/apiGo/cmd/server/handler/purchase_order.go:171.43,174.2 2 7
github.com/davidop97/apiGo/cmd/server/handler/section.go:47.45,51.2 1 34
github.com/davidop97/apiGo/cmd/server/handler/section.go:61.44,62.30 1 4
github.com/davidop97/apiGo/cmd/server/handler/section.go:62.30,64.17 2 4
github.com/davidop97/apiGo/cmd/server/handler/section.go:64.17,67.4 2 2
github.com/davidop97/apiGo/cmd/server/handler/section.go:68.3,68.42 1 2
github.com/davidop97/apiGo/cmd/server/handler/section.go:82.41,83.30 1 4
github.com/davidop97/apiGo/cmd/server/handler/section.go:83.30,85.17 2 4
github.com/davidop97/apiGo/cmd/server/handler/section.go:85.17,88.4 2 1
github.com/davidop97/apiGo/cmd/server/handler/section.go:89.3,90.17 2 3
github.com/davidop97/apiGo/cmd/server/handler/section.go:90.17,91.11 1 2
github.com/davidop97/apiGo/cmd/server/handler/section.go:92.45,94.11 2 1
github.com/davidop97/apiGo/cmd/server/handler/section.go:95.12,97.11 2 1
github.com/davidop97/apiGo/cmd/server/handler/section.go:100.3,100.42 1 1
github.com/davidop97/apiGo/cmd/server/handler/section.go:116.44,117.30 1 10
github.com/davidop97/apiGo/cmd/server/handler/section.go:117.30,121.17 2 10
github.com/davidop97/apiGo/cmd/server/handler/section.go:121.17,124.4 2 0
github.com/davidop97/apiGo/cmd/server/handler/section.go:127.3,129.17 3 10
github.com/davidop97/apiGo/cmd/server/handler/section.go:129.17,130.22 1 1
github.com/davidop97/apiGo/cmd/server/handler/section.go:131.27,132.88 1 1
github.com/davidop97/apiGo/cmd/server/handler/section.go:133.12,134.86 1 0
github.com/davidop97/apiGo/cmd/server/handler/section.go:136.4,136.10 1 1
github.com/davidop97/apiGo/cmd/server/handler/section.go:138.3,139.17 2 9
github.com/davidop97/apiGo/cmd/server/handler/section.go:139.17,142.4 2 1
github.com/davidop97/apiGo/cmd/server/handler/section.go:145.3,147.17 3 8
github.com/davidop97/apiGo/cmd/server/handler/section.go:147.17,148.27 1 1
github.com/davidop97/apiGo/cmd/server/handler/section.go:149.34,151.61 2 1
github.com/davidop97/apiGo/cmd/server/handler/section.go:152.12,153.86 1 0
github.com/davidop97/apiGo/cmd/server/handler/section.go:155.4,155.10 1 1
github.com/davidop97/apiGo/cmd/server/handler/section.go:159.3,160.17 2 7
github.com/davidop97/apiGo/cmd/server/handler/section.go:160.17,163.4 2 2
github.com/davidop97/apiGo/cmd/server/handler/section.go:167.3,169.17 3 5
github.com/davidop97/apiGo/cmd/server/handler/section.go:169.17,170.11 1 3
github.com/davidop97/apiGo/cmd/server/handler/section.go:171.56,172.78 1 2
github.com/davidop97/apiGo/cmd/server/handler/section.go:173.12,174.79 1 1
github.com/davidop97/apiGo/cmd/server/handler/section.go:176.4,176.10 1 3
github.com/davidop97/apiGo/cmd/server/handler/section.go:180.3,181.50 2 2
github.com/davidop97/apiGo/cmd/server/handler/section.go:199.44,200.30 1 9
github.com/davidop97/apiGo/cmd/server/handler/section.go:200.30,204.28 2 9
github.com/davidop97/apiGo/cmd/server/handler/section.go:204.28,207.4 2 1
github.com/davidop97/apiGo/cmd/server/handler/section.go:209.3,210.17 2 8
github.com/davidop97/apiGo/cmd/server/handler/section.go:210.17,213.4 2 1
github.com/davidop97/apiGo/cmd/server/handler/section.go:215.3,218.17 3 7
github.com/davidop97/apiGo/cmd/server/handler/section.go:218.17,219.27 1 2
github.com/davidop97/apiGo/cmd/server/handler/section.go:220.27,221.88 1 1
github.com/davidop97/apiGo/cmd/server/handler/section.go:222.34,224.61 2 1
github.com/davidop97/apiGo/cmd/server/handler/section.go:225.12,226.86 1 0
github.com/davidop97/apiGo/cmd/server/handler/section.go:228.4,228.10 1 2
github.com/davidop97/apiGo/cmd/server/handler/section.go:230.3,233.17 3 5
github.com/davidop97/apiGo/cmd/server/handler/section.go:233.17,236.4 2 2
github.com/davidop97/apiGo/cmd/server/handler/section.go:240.3,242.17 3 3
github.com/davidop97/apiGo/cmd/server/handler/section.go:242.17,243.11 1 2
github.com/davidop97/apiGo/cmd/server/handler/section.go:244.56,245.78 1 1
github.com/davidop97/apiGo/cmd/server/handler/section.go:246.12,247.79 1 1
github.com/davidop97/apiGo/cmd/server/handler/section.go:249.4,249.10 1 2
github.com/davidop97/apiGo/cmd/server/handler/section.go:253.3,253.45 1 1
github.com/davidop97/apiGo/cmd/server/handler/section.go:268.44,269.30 1 4
github.com/davidop97/apiGo/cmd/server/handler/section.go:269.30,273.28 2 4
github.com/davidop97/apiGo/cmd/server/handler/section.go:273.28,276.4 2 1
github.com/davidop97/apiGo/cmd/server/handler/section.go:280.3,283.17 2 3
github.com/davidop97/apiGo/cmd/server/handler/section.go:283.17,284.11 1 2
github.com/davidop97/apiGo/cmd/server/handler/section.go:285.45,286.71 1 1
github.com/davidop97/apiGo/cmd/server/handler/section.go:287.12,288.79 1 1
github.com/davidop97/apiGo/cmd/server/handler/section.go:290.4,290.10 1 2
github.com/davidop97/apiGo/cmd/server/handler/section.go:292.3,292.36 1 1
github.com/davidop97/apiGo/cmd/server/handler/section.go:306.50,307.30 1 3
github.com/davidop97/apiGo/cmd/server/handler/section.go:307.30,314.20 3 3
github.com/davidop97/apiGo/cmd/server/handler/section.go:314.20,316.18 2 2
github.com/davidop97/apiGo/cmd/server/handler/section.go:316.18,319.5 2 0
github.com/davidop97/apiGo/cmd/server/handler/section.go:320.4,320.16 1 2
github.com/davidop97/apiGo/cmd/server/handler/section.go:324.3,325.17 2 3
github.com/davidop97/apiGo/cmd/server/handler/section.go:325.17,326.11 1 1
github.com/davidop97/apiGo/cmd/server/handler/section.go:327.45,329.11 2 1
github.com/davidop97/apiGo/cmd/server/handler/section.go:330.12,332.11 2 0
github.com/davidop97/apiGo/cmd/server/handler/section.go:338.3,338.42 1 2
github.com/davidop97/apiGo/cmd/server/handler/section.go:344.77,345.31 1 9
github.com/davidop97/apiGo/cmd/server/handler/section.go:345.31,347.10 2 65
github.com/davidop97/apiGo/cmd/server/handler/section.go:347.10,349.4 1 1
github.com/davidop97/apiGo/cmd/server/handler/section.go:351.2,351.12 1 8
github.com/davidop97/apiGo/cmd/server/handler/section.go:355.53,356.9 1 12
github.com/davidop97/apiGo/cmd/server/handler/section.go:357.30,358.48 1 2
github.com/davidop97/apiGo/cmd/server/handler/section.go:359.28,360.45 1 2
github.com/davidop97/apiGo/cmd/server/handler/section.go:362.2,362.12 1 8
github.com/davidop97/apiGo/cmd/server/handler/section.go:366.72,377.2 10 8
github.com/davidop97/apiGo/cmd/server/handler/section.go:380.72,391.2 10 7
github.com/davidop97/apiGo/cmd/server/handler/seller.go:35.42,39.2 1 29
github.com/davidop97/apiGo/cmd/server/handler/seller.go:49.43,50.30 1 5
github.com/davidop97/apiGo/cmd/server/handler/seller.go:50.30,53.17 2 5
github.com/davidop97/apiGo/cmd/server/handler/seller.go:53.17,54.42 1 3
github.com/davidop97/apiGo/cmd/server/handler/seller.go:54.42,56.5 1 1
github.com/davidop97/apiGo/cmd/server/handler/seller.go:56.10,59.5 1 2
github.com/davidop97/apiGo/cmd/server/handler/seller.go:60.4,60.10 1 3
github.com/davidop97/apiGo/cmd/server/handler/seller.go:63.3,63.43 1 2
github.com/davidop97/apiGo/cmd/server/handler/seller.go:77.40,78.30 1 4
github.com/davidop97/apiGo/cmd/server/handler/seller.go:78.30,82.17 3 4
github.com/davidop97/apiGo/cmd/server/handler/seller.go:82.17,86.4 2 1
github.com/davidop97/apiGo/cmd/server/handler/seller.go:87.3,89.17 2 3
github.com/davidop97/apiGo/cmd/server/handler/seller.go:89.17,90.42 1 2
github.com/davidop97/apiGo/cmd/server/handler/seller.go:90.42,92.5 1 1
github.com/davidop97/apiGo/cmd/server/handler/seller.go:92.10,95.5 1 1
github.com/davidop97/apiGo/cmd/server/handler/seller.go:96.4,96.10 1 2
github.com/davidop97/apiGo/cmd/server/handler/seller.go:99.3,99.44 1 1
github.com/davidop97/apiGo/cmd/server/handler/seller.go:118.43,119.30 1 8
github.com/davidop97/apiGo/cmd/server/handler/seller.go:119.30,124.17 2 8
github.com/davidop97/apiGo/cmd/server/handler/seller.go:124.17,128.4 2 0
github.com/davidop97/apiGo/cmd/server/handler/seller.go:130.3,132.17 3 8
github.com/davidop97/apiGo/cmd/server/handler/seller.go:132.17,136.4 2 1
github.com/davidop97/apiGo/cmd/server/handler/seller.go:139.3,140.68 2 7
github.com/davidop97/apiGo/cmd/server/handler/seller.go:140.68,144.4 2 1
github.com/davidop97/apiGo/cmd/server/handler/seller.go:147.3,148.74 2 6
github.com/davidop97/apiGo/cmd/server/handler/seller.go:148.74,152.4 2 1
github.com/davidop97/apiGo/cmd/server/handler/seller.go:155.3,156.21 2 5
github.com/davidop97/apiGo/cmd/server/handler/seller.go:156.21,160.4 2 1
github.com/davidop97/apiGo/cmd/server/handler/seller.go:163.3,165.46 2 4
github.com/davidop97/apiGo/cmd/server/handler/seller.go:165.46,168.26 2 10
github.com/davidop97/apiGo/cmd/server/handler/seller.go:168.26,171.5 2 1
github.com/davidop97/apiGo/cmd/server/handler/seller.go:175.3,179.17 3 3
github.com/davidop97/apiGo/cmd/server/handler/seller.go:179.17,183.4 2 0
github.com/davidop97/apiGo/cmd/server/handler/seller.go:187.3,196.17 3 3
github.com/davidop97/apiGo/cmd/server/handler/seller.go:196.17,200.4 2 0
github.com/davidop97/apiGo/cmd/server/handler/seller.go:203.3,204.18 2 3
github.com/davidop97/apiGo/cmd/server/handler/seller.go:204.18,208.4 2 0
github.com/davidop97/apiGo/cmd/server/handler/seller.go:211.3,212.17 2 3
github.com/davidop97/apiGo/cmd/server/handler/seller.go:212.17,213.53 1 2
github.com/davidop97/apiGo/cmd/server/handler/seller.go:213.53,215.5 1 1
github.com/davidop97/apiGo/cmd/server/handler/seller.go:215.10,217.5 1 1
github.com/davidop97/apiGo/cmd/server/handler/seller.go:218.4,218.10 1 2
github.com/davidop97/apiGo/cmd/server/handler/seller.go:223.3,232.55 2 1
github.com/davidop97/apiGo/cmd/server/handler/seller.go:249.43,251.30 1 7
github.com/davidop97/apiGo/cmd/server/handler/seller.go:251.30,257.13 3 7
github.com/davidop97/apiGo/cmd/server/handler/seller.go:257.13,261.4 2 1
github.com/davidop97/apiGo/cmd/server/handler/seller.go:264.3,264.17 1 6
github.com/davidop97/apiGo/cmd/server/handler/seller.go:264.17,268.4 2 0
github.com/davidop97/apiGo/cmd/server/handler/seller.go:270.3,271.17 2 6
github.com/davidop97/apiGo/cmd/server/handler/seller.go:271.17,273.42 1 2
github.com/davidop97/apiGo/cmd/server/handler/seller.go:273.42,275.5 1 1
github.com/davidop97/apiGo/cmd/server/handler/seller.go:275.10,278.5 1 1
github.com/davidop97/apiGo/cmd/server/handler/seller.go:279.4,279.10 1 2
github.com/davidop97/apiGo/cmd/server/handler/seller.go:283.3,283.53 1 4
github.com/davidop97/apiGo/cmd/server/handler/seller.go:283.53,287.4 2 1
github.com/davidop97/apiGo/cmd/server/handler/seller.go:290.3,290.30 1 3
github.com/davidop97/apiGo/cmd/server/handler/seller.go:290.30,294.22 2 3
github.com/davidop97/apiGo/cmd/server/handler/seller.go:294.22,298.5 2 1
github.com/davidop97/apiGo/cmd/server/handler/seller.go:302.3,313.18 3 2
github.com/davidop97/apiGo/cmd/server/handler/seller.go:313.18,317.4 2 1
github.com/davidop97/apiGo/cmd/server/handler/seller.go:319.3,319.40 1 1
github.com/davidop97/apiGo/cmd/server/handler/seller.go:334.43,335.30 1 5
github.com/davidop97/apiGo/cmd/server/handler/seller.go:335.30,339.17 3 5
github.com/davidop97/apiGo/cmd/server/handler/seller.go:339.17,343.4 2 1
github.com/davidop97/apiGo/cmd/server/handler/seller.go:345.3,345.13 1 4
github.com/davidop97/apiGo/cmd/server/handler/seller.go:345.13,349.4 2 1
github.com/davidop97/apiGo/cmd/server/handler/seller.go:351.3,353.17 2 3
github.com/davidop97/apiGo/cmd/server/handler/seller.go:353.17,355.42 1 2
github.com/davidop97/apiGo/cmd/server/handler/seller.go:355.42,358.5 1 1
github.com/davidop97/apiGo/cmd/server/handler/seller.go:358.10,360.5 1 1
github.com/davidop97/apiGo/cmd/server/handler/seller.go:361.4,361.10 1 2
github.com/davidop97/apiGo/cmd/server/handler/seller.go:364.3,364.57 1 1
github.com/davidop97/apiGo/cmd/server/handler/seller.go:369.54,372.9 3 3
github.com/davidop97/apiGo/cmd/server/handler/seller.go:374.101,375.15 1 0
github.com/davidop97/apiGo/cmd/server/handler/seller.go:377.56,378.15 1 0
github.com/davidop97/apiGo/cmd/server/handler/seller.go:380.169,381.15 1 0
github.com/davidop97/apiGo/cmd/server/handler/seller.go:384.2,384.13 1 3
github.com/davidop97/apiGo/cmd/server/handler/seller.go:388.81,390.31 1 6
github.com/davidop97/apiGo/cmd/server/handler/seller.go:390.31,392.32 1 27
github.com/davidop97/apiGo/cmd/server/handler/seller.go:392.32,396.4 2 0
github.com/davidop97/apiGo/cmd/server/handler/seller.go:399.2,399.12 1 6
github.com/davidop97/apiGo/cmd/server/handler/warehouse.go:18.51,22.2 1 16
github.com/davidop97/apiGo/cmd/server/handler/warehouse.go:33.43,34.30 1 5
github.com/davidop97/apiGo/cmd/server/handler/warehouse.go:34.30,37.17 2 5
github.com/davidop97/apiGo/cmd/server/handler/warehouse.go:37.17,40.4 2 1
github.com/davidop97/apiGo/cmd/server/handler/warehouse.go:42.3,43.17 2 4
github.com/davidop97/apiGo/cmd/server/handler/warehouse.go:43.17,44.45 1 2
github.com/davidop97/apiGo/cmd/server/handler/warehouse.go:44.45,47.5 2 2
github.com/davidop97/apiGo/cmd/server/handler/warehouse.go:47.10,50.5 2 0
github.com/davidop97/apiGo/cmd/server/handler/warehouse.go:53.3,55.5 1 2
github.com/davidop97/apiGo/cmd/server/handler/warehouse.go:66.46,67.30 1 1
github.com/davidop97/apiGo/cmd/server/handler/warehouse.go:67.30,69.17 2 1
github.com/davidop97/apiGo/cmd/server/handler/warehouse.go:69.17,72.4 2 0
github.com/davidop97/apiGo/cmd/server/handler/warehouse.go:74.3,76.5 1 1
github.com/davidop97/apiGo/cmd/server/handler/warehouse.go:90.46,91.30 1 4
github.com/davidop97/apiGo/cmd/server/handler/warehouse.go:91.30,95.17 3 4
github.com/davidop97/apiGo/cmd/server/handler/warehouse.go:95.17,98.4 2 0
github.com/davidop97/apiGo/cmd/server/handler/warehouse.go:101.3,102.17 2 4
github.com/davidop97/apiGo/cmd/server/handler/warehouse.go:102.17,105.4 2 1
github.com/davidop97/apiGo/cmd/server/handler/warehouse.go:108.3,109.17 2 3
github.com/davidop97/apiGo/cmd/server/handler/warehouse.go:109.17,112.4 2 0
github.com/davidop97/apiGo/cmd/server/handler/warehouse.go:115.3,118.17 4 3
github.com/davidop97/apiGo/cmd/server/handler/warehouse.go:118.17,119.55 1 2
github.com/davidop97/apiGo/cmd/server/handler/warehouse.go:119.55,122.5 2 1
github.com/davidop97/apiGo/cmd/server/handler/warehouse.go:122.10,122.57 1 1
github.com/davidop97/apiGo/cmd/server/handler/warehouse.go:122.57,125.5 2 1
github.com/davidop97/apiGo/cmd/server/handler/warehouse.go:127.4,128.10 2 0
github.com/davidop97/apiGo/cmd/server/handler/warehouse.go:131.3,134.5 2 1
github.com/davidop97/apiGo/cmd/server/handler/warehouse.go:148.46,149.30 1 3
github.com/davidop97/apiGo/cmd/server/handler/warehouse.go:149.30,151.17 2 3
github.com/davidop97/apiGo/cmd/server/handler/warehouse.go:151.17,154.4 2 1
github.com/davidop97/apiGo/cmd/server/handler/warehouse.go:157.3,158.17 2 2
github.com/davidop97/apiGo/cmd/server/handler/warehouse.go:158.17,161.4 2 1
github.com/davidop97/apiGo/cmd/server/handler/warehouse.go:164.3,165.17 2 1
github.com/davidop97/apiGo/cmd/server/handler/warehouse.go:165.17,168.4 2 0
github.com/davidop97/apiGo/cmd/server/handler/warehouse.go:171.3,172.17 2 1
github.com/davidop97/apiGo/cmd/server/handler/warehouse.go:172.17,175.4 2 0
github.com/davidop97/apiGo/cmd/server/handler/warehouse.go:177.3,177.67 1 1
github.com/davidop97/apiGo/cmd/server/handler/warehouse.go:189.46,190.30 1 3
github.com/davidop97/apiGo/cmd/server/handler/warehouse.go:190.30,192.17 2 3
github.com/davidop97/apiGo/cmd/server/handler/warehouse.go:192.17,195.4 2 1
github.com/davidop97/apiGo/cmd/server/handler/warehouse.go:197.3,198.17 2 2
github.com/davidop97/apiGo/cmd/server/handler/warehouse.go:198.17,199.45 1 1
github.com/davidop97/apiGo/cmd/server/handler/warehouse.go:199.45,202.5 2 1
github.com/davidop97/apiGo/cmd/server/handler/warehouse.go:202.10,205.5 2 0
github.com/davidop97/apiGo/cmd/server/handler/warehouse.go:208.3,208.35 1 1
github.com/davidop97/apiGo/cmd/server/handler/warehouse.go:212.72,215.27 2 10
github.com/davidop97/apiGo/cmd/server/handler/warehouse.go:215.27,217.10 2 44
github.com/davidop97/apiGo/cmd/server/handler/warehouse.go:217.10,219.4 1 2
github.com/davidop97/apiGo/cmd/server/handler/warehouse.go:221.2,221.12 1 8
github.com/davidop97/apiGo/internal/batch/repository.go:27.43,31.2 1 0
github.com/davidop97/apiGo/internal/batch/repository.go:34.93,37.16 3 0
github.com/davidop97/apiGo/internal/batch/repository.go:37.16,39.3 1 0
github.com/davidop97/apiGo/internal/batch/repository.go:40.2,42.18 2 0
github.com/davidop97/apiGo/internal/batch/repository.go:42.18,46.3 3 0
github.com/davidop97/apiGo/internal/batch/repository.go:47.2,47.8 1 0
github.com/davidop97/apiGo/internal/batch/repository.go:51.84,55.13 2 0
github.com/davidop97/apiGo/internal/batch/repository.go:55.13,57.3 1 0
github.com/davidop97/apiGo/internal/batch/repository.go:59.2,60.13 2 0
github.com/davidop97/apiGo/internal/batch/repository.go:60.13,62.3 1 0
github.com/davidop97/apiGo/internal/batch/repository.go:65.2,67.16 3 0
github.com/davidop97/apiGo/internal/batch/repository.go:67.16,69.3 1 0
github.com/davidop97/apiGo/internal/batch/repository.go:72.2,73.16 2 0
github.com/davidop97/apiGo/internal/batch/repository.go:73.16,75.3 1 0
github.com/davidop97/apiGo/internal/batch/repository.go:78.2,79.16 2 0
github.com/davidop97/apiGo/internal/batch/repository.go:79.16,81.3 1 0
github.com/davidop97/apiGo/internal/batch/repository.go:83.2,83.21 1 0
github.com/davidop97/apiGo/internal/batch/repository.go:87.72,92.2 4 0
github.com/davidop97/apiGo/internal/batch/repository.go:95.70,100.2 4 0
github.com/davidop97/apiGo/internal/batch/repository.go:103.70,108.2 4 0
github.com/davidop97/apiGo/internal/batch/repository_mock.go:14.85,17.2 2 0
github.com/davidop97/apiGo/internal/batch/repository_mock.go:19.88,22.2 2 0
github.com/davidop97/apiGo/internal/batch/repository_mock.go:24.76,27.2 2 0
github.com/davidop97/apiGo/internal/batch/service.go:26.39,28.2 1 0
github.com/davidop97/apiGo/internal/batch/service.go:31.84,34.2 2 0
github.com/davidop97/apiGo/internal/batch/service.go:37.88,40.12 2 0
github.com/davidop97/apiGo/internal/batch/service.go:40.12,43.3 2 0
github.com/davidop97/apiGo/internal/batch/service.go:46.2,47.8 2 0
github.com/davidop97/apiGo/internal/batch/service_mock.go:14.82,17.2 2 1
github.com/davidop97/apiGo/internal/batch/service_mock.go:19.85,22.2 2 4
github.com/davidop97/apiGo/internal/buyer/buyer_service_mock.go:16.42,18.2 1 22
github.com/davidop97/apiGo/internal/buyer/buyer_service_mock.go:21.80,24.2 2 2
github.com/davidop97/apiGo/internal/buyer/buyer_service_mock.go:27.83,30.2 2 9
github.com/davidop97/apiGo/internal/buyer/buyer_service_mock.go:33.70,36.2 2 3
github.com/davidop97/apiGo/internal/buyer/buyer_service_mock.go:39.84,42.2 2 3
github.com/davidop97/apiGo/internal/buyer/buyer_service_mock.go:45.129,49.2 3 3
github.com/davidop97/apiGo/internal/buyer/repository.go:32.43,36.2 1 0
github.com/davidop97/apiGo/internal/buyer/repository.go:39.74,43.16 3 0
github.com/davidop97/apiGo/internal/buyer/repository.go:43.16,45.3 1 0
github.com/davidop97/apiGo/internal/buyer/repository.go:47.2,49.18 2 0
github.com/davidop97/apiGo/internal/buyer/repository.go:49.18,55.3 3 0
github.com/davidop97/apiGo/internal/buyer/repository.go:58.2,58.20 1 0
github.com/davidop97/apiGo/internal/buyer/repository.go:62.77,69.16 5 0
github.com/davidop97/apiGo/internal/buyer/repository.go:69.16,71.3 1 0
github.com/davidop97/apiGo/internal/buyer/repository.go:74.2,74.15 1 0
github.com/davidop97/apiGo/internal/buyer/repository.go:78.76,86.2 4 0
github.com/davidop97/apiGo/internal/buyer/repository.go:89.77,94.16 3 0
github.com/davidop97/apiGo/internal/buyer/repository.go:94.16,96.3 1 0
github.com/davidop97/apiGo/internal/buyer/repository.go:98.2,99.16 2 0
github.com/davidop97/apiGo/internal/buyer/repository.go:99.16,101.3 1 0
github.com/davidop97/apiGo/internal/buyer/repository.go:104.2,105.16 2 0
github.com/davidop97/apiGo/internal/buyer/repository.go:105.16,107.3 1 0
github.com/davidop97/apiGo/internal/buyer/repository.go:110.2,110.21 1 0
github.com/davidop97/apiGo/internal/buyer/repository.go:114.72,117.16 3 0
github.com/davidop97/apiGo/internal/buyer/repository.go:117.16,119.3 1 0
github.com/davidop97/apiGo/internal/buyer/repository.go:121.2,122.16 2 0
github.com/davidop97/apiGo/internal/buyer/repository.go:122.16,124.3 1 0
github.com/davidop97/apiGo/internal/buyer/repository.go:127.2,128.16 2 0
github.com/davidop97/apiGo/internal/buyer/repository.go:128.16,130.3 1 0
github.com/davidop97/apiGo/internal/buyer/repository.go:133.2,133.12 1 0
github.com/davidop97/apiGo/internal/buyer/repository.go:137.64,142.16 3 0
github.com/davidop97/apiGo/internal/buyer/repository.go:142.16,144.3 1 0
github.com/davidop97/apiGo/internal/buyer/repository.go:146.2,147.16 2 0
github.com/davidop97/apiGo/internal/buyer/repository.go:147.16,149.3 1 0
github.com/davidop97/apiGo/internal/buyer/repository.go:152.2,153.16 2 0
github.com/davidop97/apiGo/internal/buyer/repository.go:153.16,155.3 1 0
github.com/davidop97/apiGo/internal/buyer/repository.go:158.2,158.16 1 0
github.com/davidop97/apiGo/internal/buyer/repository.go:158.16,160.3 1 0
github.com/davidop97/apiGo/internal/buyer/repository.go:162.2,162.12 1 0
github.com/davidop97/apiGo/internal/buyer/repository_mock.go:15.78,19.2 2 1
github.com/davidop97/apiGo/internal/buyer/repository_mock.go:21.81,24.2 2 1
github.com/davidop97/apiGo/internal/buyer/repository_mock.go:26.80,29.2 2 0
github.com/davidop97/apiGo/internal/buyer/repository_mock.go:31.81,34.2 2 0
github.com/davidop97/apiGo/internal/buyer/repository_mock.go:36.76,39.2 2 0
github.com/davidop97/apiGo/internal/buyer/repository_mock.go:41.68,44.2 2 0
github.com/davidop97/apiGo/internal/buyer/service.go:37.39,39.2 1 2
github.com/davidop97/apiGo/internal/buyer/service.go:42.71,45.2 2 1
github.com/davidop97/apiGo/internal/buyer/service.go:48.74,52.16 2 0
github.com/davidop97/apiGo/internal/buyer/service.go:52.16,54.3 1 0
github.com/davidop97/apiGo/internal/buyer/service.go:56.2,56.15 1 0
github.com/davidop97/apiGo/internal/buyer/service.go:60.61,63.16 2 1
github.com/davidop97/apiGo/internal/buyer/service.go:63.16,65.3 1 1
github.com/davidop97/apiGo/internal/buyer/service.go:67.2,68.16 2 0
github.com/davidop97/apiGo/internal/buyer/service.go:68.16,70.3 1 0
github.com/davidop97/apiGo/internal/buyer/service.go:72.2,72.12 1 0
github.com/davidop97/apiGo/internal/buyer/service.go:76.74,81.12 3 0
github.com/davidop97/apiGo/internal/buyer/service.go:81.12,83.3 1 0
github.com/davidop97/apiGo/internal/buyer/service.go:85.2,86.16 2 0
github.com/davidop97/apiGo/internal/buyer/service.go:86.16,88.3 1 0
github.com/davidop97/apiGo/internal/buyer/service.go:90.2,90.16 1 0
github.com/davidop97/apiGo/internal/buyer/service.go:94.94,98.12 2 0
github.com/davidop97/apiGo/internal/buyer/service.go:98.12,100.3 1 0
github.com/davidop97/apiGo/internal/buyer/service.go:102.2,102.23 1 0
github.com/davidop97/apiGo/internal/buyer/service.go:102.23,104.3 1 0
github.com/davidop97/apiGo/internal/buyer/service.go:105.2,105.22 1 0
github.com/davidop97/apiGo/internal/buyer/service.go:105.22,107.3 1 0
github.com/davidop97/apiGo/internal/buyer/service.go:109.2,110.16 2 0
github.com/davidop97/apiGo/internal/buyer/service.go:110.16,112.3 1 0
github.com/davidop97/apiGo/internal/buyer/service.go:114.2,114.12 1 0
github.com/davidop97/apiGo/internal/carries/repository.go:28.43,32.2 1 0
github.com/davidop97/apiGo/internal/carries/repository.go:35.76,38.16 3 0
github.com/davidop97/apiGo/internal/carries/repository.go:38.16,40.3 1 0
github.com/davidop97/apiGo/internal/carries/repository.go:42.2,44.18 2 0
github.com/davidop97/apiGo/internal/carries/repository.go:44.18,47.17 3 0
github.com/davidop97/apiGo/internal/carries/repository.go:47.17,49.4 1 0
github.com/davidop97/apiGo/internal/carries/repository.go:50.3,50.39 1 0
github.com/davidop97/apiGo/internal/carries/repository.go:53.2,55.25 2 0
github.com/davidop97/apiGo/internal/carries/repository.go:59.79,60.26 1 0
github.com/davidop97/apiGo/internal/carries/repository.go:60.26,62.3 1 0
github.com/davidop97/apiGo/internal/carries/repository.go:62.8,62.49 1 0
github.com/davidop97/apiGo/internal/carries/repository.go:62.49,64.3 1 0
github.com/davidop97/apiGo/internal/carries/repository.go:66.2,68.16 3 0
github.com/davidop97/apiGo/internal/carries/repository.go:68.16,70.3 1 0
github.com/davidop97/apiGo/internal/carries/repository.go:72.2,73.16 2 0
github.com/davidop97/apiGo/internal/carries/repository.go:73.16,75.3 1 0
github.com/davidop97/apiGo/internal/carries/repository.go:77.2,78.16 2 0
github.com/davidop97/apiGo/internal/carries/repository.go:78.16,80.3 1 0
github.com/davidop97/apiGo/internal/carries/repository.go:82.2,82.21 1 0
github.com/davidop97/apiGo/internal/carries/repository.go:86.67,91.2 4 0
github.com/davidop97/apiGo/internal/carries/repository.go:94.71,99.2 4 0
github.com/davidop97/apiGo/internal/carries/repository.go:102.101,108.16 3 0
github.com/davidop97/apiGo/internal/carries/repository.go:108.16,110.3 1 0
github.com/davidop97/apiGo/internal/carries/repository.go:112.2,114.18 2 0
github.com/davidop97/apiGo/internal/carries/repository.go:114.18,117.17 3 0
github.com/davidop97/apiGo/internal/carries/repository.go:117.17,119.4 1 0
github.com/davidop97/apiGo/internal/carries/repository.go:120.3,120.39 1 0
github.com/davidop97/apiGo/internal/carries/repository.go:123.2,125.25 2 0
github.com/davidop97/apiGo/internal/carries/repository.go:129.117,132.40 2 0
github.com/davidop97/apiGo/internal/carries/repository.go:132.40,134.3 1 0
github.com/davidop97/apiGo/internal/carries/repository.go:136.2,144.16 4 0
github.com/davidop97/apiGo/internal/carries/repository.go:144.16,146.3 1 0
github.com/davidop97/apiGo/internal/carries/repository.go:148.2,148.16 1 0
github.com/davidop97/apiGo/internal/carries/repository_mock.go:14.80,17.2 2 0
github.com/davidop97/apiGo/internal/carries/repository_mock.go:19.105,22.2 2 0
github.com/davidop97/apiGo/internal/carries/repository_mock.go:24.121,27.2 2 2
github.com/davidop97/apiGo/internal/carries/repository_mock.go:29.83,32.2 2 0
github.com/davidop97/apiGo/internal/carries/service.go:26.39,28.2 1 2
github.com/davidop97/apiGo/internal/carries/service.go:31.73,33.16 2 0
github.com/davidop97/apiGo/internal/carries/service.go:33.16,35.3 1 0
github.com/davidop97/apiGo/internal/carries/service.go:37.2,37.25 1 0
github.com/davidop97/apiGo/internal/carries/service.go:41.76,42.75 1 0
github.com/davidop97/apiGo/internal/carries/service.go:42.75,43.14 1 0
github.com/davidop97/apiGo/internal/carries/service.go:43.14,45.4 1 0
github.com/davidop97/apiGo/internal/carries/service.go:47.2,47.22 1 0
github.com/davidop97/apiGo/internal/carries/service.go:47.22,49.3 1 0
github.com/davidop97/apiGo/internal/carries/service.go:51.2,52.16 2 0
github.com/davidop97/apiGo/internal/carries/service.go:52.16,54.3 1 0
github.com/davidop97/apiGo/internal/carries/service.go:56.2,56.16 1 0
github.com/davidop97/apiGo/internal/carries/service.go:60.98,62.16 2 0
github.com/davidop97/apiGo/internal/carries/service.go:62.16,64.3 1 0
github.com/davidop97/apiGo/internal/carries/service.go:66.2,66.33 1 0
github.com/davidop97/apiGo/internal/carries/service.go:70.114,72.16 2 2
github.com/davidop97/apiGo/internal/carries/service.go:72.16,74.3 1 1
github.com/davidop97/apiGo/internal/carries/service.go:76.2,76.29 1 1
github.com/davidop97/apiGo/internal/carries/service_mock.go:14.77,17.2 2 1
github.com/davidop97/apiGo/internal/carries/service_mock.go:19.102,22.2 2 1
github.com/davidop97/apiGo/internal/carries/service_mock.go:24.118,27.2 2 2
github.com/davidop97/apiGo/internal/carries/service_mock.go:29.80,32.2 2 4
github.com/davidop97/apiGo/internal/employee/repository.go:27.43,31.2 1 0
github.com/davidop97/apiGo/internal/employee/repository.go:33.77,36.16 3 0
github.com/davidop97/apiGo/internal/employee/repository.go:36.16,38.3 1 0
github.com/davidop97/apiGo/internal/employee/repository.go:40.2,42.18 2 0
github.com/davidop97/apiGo/internal/employee/repository.go:42.18,46.3 3 0
github.com/davidop97/apiGo/internal/employee/repository.go:48.2,48.23 1 0
github.com/davidop97/apiGo/internal/employee/repository.go:51.80,56.16 5 0
github.com/davidop97/apiGo/internal/employee/repository.go:56.16,57.10 1 0
github.com/davidop97/apiGo/internal/employee/repository.go:58.38,59.41 1 0
github.com/davidop97/apiGo/internal/employee/repository.go:60.11,61.33 1 0
github.com/davidop97/apiGo/internal/employee/repository.go:65.2,65.15 1 0
github.com/davidop97/apiGo/internal/employee/repository.go:68.76,73.2 4 0
github.com/davidop97/apiGo/internal/employee/repository.go:75.80,78.16 3 0
github.com/davidop97/apiGo/internal/employee/repository.go:78.16,80.3 1 0
github.com/davidop97/apiGo/internal/employee/repository.go:82.2,83.16 2 0
github.com/davidop97/apiGo/internal/employee/repository.go:83.16,85.3 1 0
github.com/davidop97/apiGo/internal/employee/repository.go:87.2,88.16 2 0
github.com/davidop97/apiGo/internal/employee/repository.go:88.16,90.3 1 0
github.com/davidop97/apiGo/internal/employee/repository.go:92.2,92.21 1 0
github.com/davidop97/apiGo/internal/employee/repository.go:95.75,98.16 3 0
github.com/davidop97/apiGo/internal/employee/repository.go:98.16,100.3 1 0
github.com/davidop97/apiGo/internal/employee/repository.go:102.2,103.16 2 0
github.com/davidop97/apiGo/internal/employee/repository.go:103.16,105.3 1 0
github.com/davidop97/apiGo/internal/employee/repository.go:107.2,108.16 2 0
github.com/davidop97/apiGo/internal/employee/repository.go:108.16,110.3 1 0
github.com/davidop97/apiGo/internal/employee/repository.go:112.2,112.12 1 0
github.com/davidop97/apiGo/internal/employee/repository.go:115.64,118.16 3 0
github.com/davidop97/apiGo/internal/employee/repository.go:118.16,120.3 1 0
github.com/davidop97/apiGo/internal/employee/repository.go:122.2,123.16 2 0
github.com/davidop97/apiGo/internal/employee/repository.go:123.16,125.3 1 0
github.com/davidop97/apiGo/internal/employee/repository.go:127.2,128.16 2 0
github.com/davidop97/apiGo/internal/employee/repository.go:128.16,130.3 1 0
github.com/davidop97/apiGo/internal/employee/repository.go:132.2,132.16 1 0
github.com/davidop97/apiGo/internal/employee/repository.go:132.16,134.3 1 0
github.com/davidop97/apiGo/internal/employee/repository.go:136.2,136.12 1 0
github.com/davidop97/apiGo/internal/employee/repository_mock.go:14.81,17.2 2 2
github.com/davidop97/apiGo/internal/employee/repository_mock.go:19.84,22.2 2 0
github.com/davidop97/apiGo/internal/employee/repository_mock.go:24.80,27.2 2 2
github.com/davidop97/apiGo/internal/employee/repository_mock.go:29.84,32.2 2 1
github.com/davidop97/apiGo/internal/employee/repository_mock.go:34.79,37.2 2 0
github.com/davidop97/apiGo/internal/employee/repository_mock.go:39.68,42.2 2 0
github.com/davidop97/apiGo/internal/employee/service.go:28.42,30.2 1 4
github.com/davidop97/apiGo/internal/employee/service.go:33.97,37.2 2 2
github.com/davidop97/apiGo/internal/employee/service.go:40.102,43.2 2 0
github.com/davidop97/apiGo/internal/employee/service.go:46.99,48.47 1 2
github.com/davidop97/apiGo/internal/employee/service.go:48.47,52.3 2 1
github.com/davidop97/apiGo/internal/employee/service.go:54.2,55.8 2 1
github.com/davidop97/apiGo/internal/employee/service.go:59.93,62.16 2 0
github.com/davidop97/apiGo/internal/employee/service.go:62.16,64.3 1 0
github.com/davidop97/apiGo/internal/employee/service.go:67.2,67.59 1 0
github.com/davidop97/apiGo/internal/employee/service.go:67.59,69.13 2 0
github.com/davidop97/apiGo/internal/employee/service.go:69.13,72.4 2 0
github.com/davidop97/apiGo/internal/employee/service.go:75.2,77.8 2 0
github.com/davidop97/apiGo/internal/employee/service.go:80.75,84.2 2 0
github.com/davidop97/apiGo/internal/employee/service_mock.go:14.87,17.2 2 1
github.com/davidop97/apiGo/internal/employee/service_mock.go:19.93,22.2 2 5
github.com/davidop97/apiGo/internal/employee/service_mock.go:24.96,27.2 2 2
github.com/davidop97/apiGo/internal/employee/service_mock.go:29.91,32.2 2 2
github.com/davidop97/apiGo/internal/employee/service_mock.go:34.73,37.2 2 2
github.com/davidop97/apiGo/internal/inboudOrder/repository.go:27.43,31.2 1 0
github.com/davidop97/apiGo/internal/inboudOrder/repository.go:38.92,49.16 4 0
github.com/davidop97/apiGo/internal/inboudOrder/repository.go:49.16,50.36 1 0
github.com/davidop97/apiGo/internal/inboudOrder/repository.go:50.36,53.4 1 0
github.com/davidop97/apiGo/internal/inboudOrder/repository.go:55.3,55.18 1 0
github.com/davidop97/apiGo/internal/inboudOrder/repository.go:58.2,58.23 1 0
github.com/davidop97/apiGo/internal/inboudOrder/repository.go:61.101,64.16 2 0
github.com/davidop97/apiGo/internal/inboudOrder/repository.go:64.16,66.3 1 0
github.com/davidop97/apiGo/internal/inboudOrder/repository.go:68.2,68.21 1 0
github.com/davidop97/apiGo/internal/inboudOrder/repository.go:68.21,72.3 2 0
github.com/davidop97/apiGo/internal/inboudOrder/repository.go:76.2,78.16 3 0
github.com/davidop97/apiGo/internal/inboudOrder/repository.go:78.16,80.3 1 0
github.com/davidop97/apiGo/internal/inboudOrder/repository.go:83.2,85.8 2 0
github.com/davidop97/apiGo/internal/inboudOrder/repository.go:88.75,92.16 3 0
github.com/davidop97/apiGo/internal/inboudOrder/repository.go:92.16,94.3 1 0
github.com/davidop97/apiGo/internal/inboudOrder/repository.go:95.2,100.18 3 0
github.com/davidop97/apiGo/internal/inboudOrder/repository.go:100.18,109.17 3 0
github.com/davidop97/apiGo/internal/inboudOrder/repository.go:109.17,111.4 1 0
github.com/davidop97/apiGo/internal/inboudOrder/repository.go:114.3,119.17 4 0
github.com/davidop97/apiGo/internal/inboudOrder/repository.go:119.17,121.4 1 0
github.com/davidop97/apiGo/internal/inboudOrder/repository.go:124.3,124.36 1 0
github.com/davidop97/apiGo/internal/inboudOrder/repository.go:127.2,127.21 1 0
github.com/davidop97/apiGo/internal/inboudOrder/repository.go:130.79,135.2 4 0
github.com/davidop97/apiGo/internal/inboudOrder/repository.go:137.87,142.2 4 0
github.com/davidop97/apiGo/internal/inboudOrder/repository.go:144.81,149.2 4 0
github.com/davidop97/apiGo/internal/inboudOrder/repository.go:151.83,154.16 3 0
github.com/davidop97/apiGo/internal/inboudOrder/repository.go:154.16,156.3 1 0
github.com/davidop97/apiGo/internal/inboudOrder/repository.go:158.2,159.16 2 0
github.com/davidop97/apiGo/internal/inboudOrder/repository.go:159.16,161.3 1 0
github.com/davidop97/apiGo/internal/inboudOrder/repository.go:163.2,164.16 2 0
github.com/davidop97/apiGo/internal/inboudOrder/repository.go:164.16,166.3 1 0
github.com/davidop97/apiGo/internal/inboudOrder/repository.go:168.2,168.21 1 0
github.com/davidop97/apiGo/internal/inboudOrder/repository_mock.go:14.96,17.2 2 0
github.com/davidop97/apiGo/internal/inboudOrder/repository_mock.go:19.79,22.2 2 0
github.com/davidop97/apiGo/internal/inboudOrder/repository_mock.go:24.94,27.2 2 0
github.com/davidop97/apiGo/internal/inboudOrder/repository_mock.go:29.83,32.2 2 0
github.com/davidop97/apiGo/internal/inboudOrder/repository_mock.go:34.91,37.2 2 0
github.com/davidop97/apiGo/internal/inboudOrder/repository_mock.go:39.85,42.2 2 0
github.com/davidop97/apiGo/internal/inboudOrder/repository_mock.go:44.87,47.2 2 0
github.com/davidop97/apiGo/internal/inboudOrder/service.go:31.42,35.2 1 0
github.com/davidop97/apiGo/internal/inboudOrder/service.go:37.72,39.2 1 0
github.com/davidop97/apiGo/internal/inboudOrder/service.go:41.87,43.2 1 0
github.com/davidop97/apiGo/internal/inboudOrder/service.go:45.105,47.51 1 0
github.com/davidop97/apiGo/internal/inboudOrder/service.go:47.51,51.3 2 0
github.com/davidop97/apiGo/internal/inboudOrder/service.go:54.2,54.53 1 0
github.com/davidop97/apiGo/internal/inboudOrder/service.go:54.53,58.3 2 0
github.com/davidop97/apiGo/internal/inboudOrder/service.go:61.2,61.55 1 0
github.com/davidop97/apiGo/internal/inboudOrder/service.go:61.55,65.3 2 0
github.com/davidop97/apiGo/internal/inboudOrder/service.go:68.2,69.16 2 0
github.com/davidop97/apiGo/internal/inboudOrder/service.go:69.16,72.3 2 0
github.com/davidop97/apiGo/internal/inboudOrder/service.go:73.2,73.8 1 0
github.com/davidop97/apiGo/internal/inboudOrder/service_mock.go:14.76,17.2 2 2
github.com/davidop97/apiGo/internal/inboudOrder/service_mock.go:19.91,22.2 2 3
github.com/davidop97/apiGo/internal/inboudOrder/service_mock.go:24.98,27.2 2 4
github.com/davidop97/apiGo/internal/locality/locality_service_mock.go:17.36,19.2 1 0
github.com/davidop97/apiGo/internal/locality/locality_service_mock.go:22.99,27.2 2 5
github.com/davidop97/apiGo/internal/locality/locality_service_mock.go:30.84,35.2 2 3
github.com/davidop97/apiGo/internal/locality/locality_service_mock.go:38.95,43.2 2 3
github.com/davidop97/apiGo/internal/locality/locality_service_mock.go:46.107,51.2 2 2
github.com/davidop97/apiGo/internal/locality/repository.go:28.43,32.2 1 0
github.com/davidop97/apiGo/internal/locality/repository.go:35.88,42.16 5 0
github.com/davidop97/apiGo/internal/locality/repository.go:42.16,44.36 1 0
github.com/davidop97/apiGo/internal/locality/repository.go:44.36,47.4 1 0
github.com/davidop97/apiGo/internal/locality/repository.go:49.3,49.32 1 0
github.com/davidop97/apiGo/internal/locality/repository.go:52.2,52.15 1 0
github.com/davidop97/apiGo/internal/locality/repository.go:56.77,61.16 3 0
github.com/davidop97/apiGo/internal/locality/repository.go:61.16,63.3 1 0
github.com/davidop97/apiGo/internal/locality/repository.go:65.2,68.18 2 0
github.com/davidop97/apiGo/internal/locality/repository.go:68.18,73.3 3 0
github.com/davidop97/apiGo/internal/locality/repository.go:75.2,75.35 1 0
github.com/davidop97/apiGo/internal/locality/repository.go:75.35,77.3 1 0
github.com/davidop97/apiGo/internal/locality/repository.go:79.2,79.26 1 0
github.com/davidop97/apiGo/internal/locality/repository.go:79.26,82.3 1 0
github.com/davidop97/apiGo/internal/locality/repository.go:84.2,84.24 1 0
github.com/davidop97/apiGo/internal/locality/repository.go:88.80,93.16 3 0
github.com/davidop97/apiGo/internal/locality/repository.go:93.16,96.3 1 0
github.com/davidop97/apiGo/internal/locality/repository.go:99.2,100.16 2 0
github.com/davidop97/apiGo/internal/locality/repository.go:100.16,103.3 1 0
github.com/davidop97/apiGo/internal/locality/repository.go:106.2,107.16 2 0
github.com/davidop97/apiGo/internal/locality/repository.go:107.16,110.3 1 0
github.com/davidop97/apiGo/internal/locality/repository.go:112.2,112.21 1 0
github.com/davidop97/apiGo/internal/locality/repository.go:116.64,121.2 4 0
github.com/davidop97/apiGo/internal/locality/repository.go:124.100,131.12 3 0
github.com/davidop97/apiGo/internal/locality/repository.go:131.12,135.3 2 0
github.com/davidop97/apiGo/internal/locality/repository.go:137.2,141.16 3 0
github.com/davidop97/apiGo/internal/locality/repository.go:141.16,143.36 1 0
github.com/davidop97/apiGo/internal/locality/repository.go:143.36,145.4 1 0
github.com/davidop97/apiGo/internal/locality/repository.go:147.3,147.18 1 0
github.com/davidop97/apiGo/internal/locality/repository.go:149.2,153.18 3 0
github.com/davidop97/apiGo/internal/locality/repository.go:153.18,156.103 2 0
github.com/davidop97/apiGo/internal/locality/repository.go:156.103,158.4 1 0
github.com/davidop97/apiGo/internal/locality/repository.go:160.3,160.43 1 0
github.com/davidop97/apiGo/internal/locality/repository.go:163.2,163.29 1 0
github.com/davidop97/apiGo/internal/locality/repository.go:163.29,166.3 1 0
github.com/davidop97/apiGo/internal/locality/repository.go:168.2,168.35 1 0
github.com/davidop97/apiGo/internal/locality/repository.go:168.35,170.3 1 0
github.com/davidop97/apiGo/internal/locality/repository.go:172.2,172.27 1 0
github.com/davidop97/apiGo/internal/locality/repository_mock.go:17.42,19.2 1 2
github.com/davidop97/apiGo/internal/locality/repository_mock.go:22.98,27.2 2 0
github.com/davidop97/apiGo/internal/locality/repository_mock.go:30.87,35.2 2 2
github.com/davidop97/apiGo/internal/locality/repository_mock.go:38.91,43.2 2 0
github.com/davidop97/apiGo/internal/locality/repository_mock.go:46.68,51.2 2 0
github.com/davidop97/apiGo/internal/locality/repository_mock.go:54.110,59.2 2 0
github.com/davidop97/apiGo/internal/locality/service.go:29.39,31.2 1 2
github.com/davidop97/apiGo/internal/locality/service.go:34.89,37.2 2 0
github.com/davidop97/apiGo/internal/locality/service.go:40.73,43.2 2 2
github.com/davidop97/apiGo/internal/locality/service.go:46.84,49.11 2 0
github.com/davidop97/apiGo/internal/locality/service.go:49.11,52.3 1 0
github.com/davidop97/apiGo/internal/locality/service.go:54.2,55.16 2 0
github.com/davidop97/apiGo/internal/locality/service.go:55.16,58.3 1 0
github.com/davidop97/apiGo/internal/locality/service.go:60.2,60.25 1 0
github.com/davidop97/apiGo/internal/locality/service.go:64.97,66.2 1 0
github.com/davidop97/apiGo/internal/product/product_service_mock.go:16.87,19.2 2 9
github.com/davidop97/apiGo/internal/product/product_service_mock.go:21.77,24.2 2 2
github.com/davidop97/apiGo/internal/product/product_service_mock.go:26.86,29.2 2 3
github.com/davidop97/apiGo/internal/product/product_service_mock.go:31.81,34.2 2 3
github.com/davidop97/apiGo/internal/product/product_service_mock.go:36.72,39.2 2 3
github.com/davidop97/apiGo/internal/product/product_service_mock.go:41.76,44.2 2 0
github.com/davidop97/apiGo/internal/product/product_service_mock.go:46.107,49.2 2 3
github.com/davidop97/apiGo/internal/product/product_service_mock.go:51.111,54.2 2 3
github.com/davidop97/apiGo/internal/product/repository.go:26.43,30.2 1 0
github.com/davidop97/apiGo/internal/product/repository.go:32.76,35.16 3 0
github.com/davidop97/apiGo/internal/product/repository.go:35.16,37.3 1 0
github.com/davidop97/apiGo/internal/product/repository.go:39.2,41.18 2 0
github.com/davidop97/apiGo/internal/product/repository.go:41.18,45.3 3 0
github.com/davidop97/apiGo/internal/product/repository.go:47.2,47.22 1 0
github.com/davidop97/apiGo/internal/product/repository.go:50.79,55.16 5 0
github.com/davidop97/apiGo/internal/product/repository.go:55.16,57.3 1 0
github.com/davidop97/apiGo/internal/product/repository.go:59.2,59.15 1 0
github.com/davidop97/apiGo/internal/product/repository.go:62.75,67.2 4 0
github.com/davidop97/apiGo/internal/product/repository.go:69.79,72.16 3 0
github.com/davidop97/apiGo/internal/product/repository.go:72.16,74.3 1 0
github.com/davidop97/apiGo/internal/product/repository.go:76.2,77.16 2 0
github.com/davidop97/apiGo/internal/product/repository.go:77.16,79.3 1 0
github.com/davidop97/apiGo/internal/product/repository.go:81.2,82.16 2 0
github.com/davidop97/apiGo/internal/product/repository.go:82.16,84.3 1 0
github.com/davidop97/apiGo/internal/product/repository.go:86.2,86.21 1 0
github.com/davidop97/apiGo/internal/product/repository.go:89.74,92.16 3 0
github.com/davidop97/apiGo/internal/product/repository.go:92.16,94.3 1 0
github.com/davidop97/apiGo/internal/product/repository.go:96.2,97.16 2 0
github.com/davidop97/apiGo/internal/product/repository.go:97.16,99.3 1 0
github.com/davidop97/apiGo/internal/product/repository.go:101.2,102.16 2 0
github.com/davidop97/apiGo/internal/product/repository.go:102.16,104.3 1 0
github.com/davidop97/apiGo/internal/product/repository.go:106.2,106.12 1 0
github.com/davidop97/apiGo/internal/product/repository.go:109.64,112.16 3 0
github.com/davidop97/apiGo/internal/product/repository.go:112.16,114.3 1 0
github.com/davidop97/apiGo/internal/product/repository.go:116.2,117.16 2 0
github.com/davidop97/apiGo/internal/product/repository.go:117.16,119.3 1 0
github.com/davidop97/apiGo/internal/product/repository.go:121.2,122.16 2 0
github.com/davidop97/apiGo/internal/product/repository.go:122.16,124.3 1 0
github.com/davidop97/apiGo/internal/product/repository.go:126.2,126.16 1 0
github.com/davidop97/apiGo/internal/product/repository.go:126.16,128.3 1 0
github.com/davidop97/apiGo/internal/product/repository.go:130.2,130.12 1 0
github.com/davidop97/apiGo/internal/product/repository.go:140.106,143.16 3 0
github.com/davidop97/apiGo/internal/product/repository.go:143.16,145.3 1 0
github.com/davidop97/apiGo/internal/product/repository.go:147.2,148.16 2 0
github.com/davidop97/apiGo/internal/product/repository.go:148.16,150.3 1 0
github.com/davidop97/apiGo/internal/product/repository.go:152.2,153.16 2 0
github.com/davidop97/apiGo/internal/product/repository.go:153.16,155.3 1 0
github.com/davidop97/apiGo/internal/product/repository.go:157.2,157.21 1 0
github.com/davidop97/apiGo/internal/product/repository.go:166.110,180.20 4 0
github.com/davidop97/apiGo/internal/product/repository.go:180.20,183.3 2 0
github.com/davidop97/apiGo/internal/product/repository.go:186.2,189.16 3 0
github.com/davidop97/apiGo/internal/product/repository.go:189.16,191.3 1 0
github.com/davidop97/apiGo/internal/product/repository.go:192.2,195.18 3 0
github.com/davidop97/apiGo/internal/product/repository.go:195.18,198.81 2 0
github.com/davidop97/apiGo/internal/product/repository.go:198.81,200.4 1 0
github.com/davidop97/apiGo/internal/product/repository.go:201.3,201.33 1 0
github.com/davidop97/apiGo/internal/product/repository.go:204.2,204.35 1 0
github.com/davidop97/apiGo/internal/product/repository.go:204.35,206.3 1 0
github.com/davidop97/apiGo/internal/product/repository.go:208.2,208.22 1 0
github.com/davidop97/apiGo/internal/product/repository_mock.go:14.80,17.2 2 0
github.com/davidop97/apiGo/internal/product/repository_mock.go:19.83,22.2 2 2
github.com/davidop97/apiGo/internal/product/repository_mock.go:24.79,27.2 2 2
github.com/davidop97/apiGo/internal/product/repository_mock.go:29.83,32.2 2 1
github.com/davidop97/apiGo/internal/product/repository_mock.go:34.78,37.2 2 0
github.com/davidop97/apiGo/internal/product/repository_mock.go:39.68,42.2 2 0
github.com/davidop97/apiGo/internal/product/repository_mock.go:44.110,47.2 2 1
github.com/davidop97/apiGo/internal/product/repository_mock.go:49.114,52.2 2 0
github.com/davidop97/apiGo/internal/product/service.go:32.42,36.2 1 4
github.com/davidop97/apiGo/internal/product/service.go:40.73,42.16 2 0
github.com/davidop97/apiGo/internal/product/service.go:42.16,44.3 1 0
github.com/davidop97/apiGo/internal/product/service.go:45.2,45.22 1 0
github.com/davidop97/apiGo/internal/product/service.go:51.76,53.16 2 0
github.com/davidop97/apiGo/internal/product/service.go:53.16,55.3 1 0
github.com/davidop97/apiGo/internal/product/service.go:56.2,56.21 1 0
github.com/davidop97/apiGo/internal/product/service.go:61.72,63.2 1 2
github.com/davidop97/apiGo/internal/product/service.go:67.76,69.34 1 2
github.com/davidop97/apiGo/internal/product/service.go:69.34,71.3 1 1
github.com/davidop97/apiGo/internal/product/service.go:73.2,74.16 2 1
github.com/davidop97/apiGo/internal/product/service.go:74.16,76.3 1 0
github.com/davidop97/apiGo/internal/product/service.go:77.2,77.21 1 1
github.com/davidop97/apiGo/internal/product/service.go:82.71,84.16 2 0
github.com/davidop97/apiGo/internal/product/service.go:84.16,86.3 1 0
github.com/davidop97/apiGo/internal/product/service.go:88.2,88.47 1 0
github.com/davidop97/apiGo/internal/product/service.go:88.47,89.40 1 0
github.com/davidop97/apiGo/internal/product/service.go:89.40,91.4 1 0
github.com/davidop97/apiGo/internal/product/service.go:94.2,95.16 2 0
github.com/davidop97/apiGo/internal/product/service.go:95.16,97.3 1 0
github.com/davidop97/apiGo/internal/product/service.go:98.2,98.12 1 0
github.com/davidop97/apiGo/internal/product/service.go:103.61,105.16 2 0
github.com/davidop97/apiGo/internal/product/service.go:105.16,107.3 1 0
github.com/davidop97/apiGo/internal/product/service.go:109.2,110.16 2 0
github.com/davidop97/apiGo/internal/product/service.go:110.16,112.3 1 0
github.com/davidop97/apiGo/internal/product/service.go:113.2,113.12 1 0
github.com/davidop97/apiGo/internal/product/service.go:118.103,121.16 2 2
github.com/davidop97/apiGo/internal/product/service.go:121.16,123.3 1 1
github.com/davidop97/apiGo/internal/product/service.go:125.2,126.16 2 1
github.com/davidop97/apiGo/internal/product/service.go:126.16,128.3 1 0
github.com/davidop97/apiGo/internal/product/service.go:129.2,129.21 1 1
github.com/davidop97/apiGo/internal/product/service.go:135.107,138.20 1 0
github.com/davidop97/apiGo/internal/product/service.go:138.20,140.17 2 0
github.com/davidop97/apiGo/internal/product/service.go:140.17,142.4 1 0
github.com/davidop97/apiGo/internal/product/service.go:145.2,146.16 2 0
github.com/davidop97/apiGo/internal/product/service.go:146.16,148.3 1 0
github.com/davidop97/apiGo/internal/product/service.go:149.2,149.21 1 0
github.com/davidop97/apiGo/internal/purchase_order/repository.go:32.43,34.2 1 0
github.com/davidop97/apiGo/internal/purchase_order/repository.go:37.89,45.2 4 0
github.com/davidop97/apiGo/internal/purchase_order/repository.go:48.68,56.2 4 0
github.com/davidop97/apiGo/internal/purchase_order/repository.go:59.77,67.2 4 0
github.com/davidop97/apiGo/internal/purchase_order/repository.go:70.86,74.16 3 0
github.com/davidop97/apiGo/internal/purchase_order/repository.go:74.16,76.3 1 0
github.com/davidop97/apiGo/internal/purchase_order/repository.go:78.2,79.16 2 0
github.com/davidop97/apiGo/internal/purchase_order/repository.go:79.16,81.3 1 0
github.com/davidop97/apiGo/internal/purchase_order/repository.go:83.2,84.16 2 0
[...]
github.com/davidop97/apiGo/internal/purchase_order/repository.go:48.68,56.2 4 0
github.com/davidop97/apiGo/internal/purchase_order/repository.go:59.77,67.2 4 0
github.com/davidop97/apiGo/internal/purchase_order/repository.go:70.86,74.16 3 0
github.com/davidop97/apiGo/internal/purchase_order/repository.go:74.16,76.3 1 0
github.com/davidop97/apiGo/internal/purchase_order/repository.go:78.2,79.16 2 0
github.com/davidop97/apiGo/internal/purchase_order/repository.go:79.16,81.3 1 0
github.com/davidop97/apiGo/internal/purchase_order/repository.go:83.2,84.16 2 0
github.com/davidop97/apiGo/internal/purchase_order/repository.go:84.16,86.3 1 0
github.com/davidop97/apiGo/internal/purchase_order/repository.go:88.2,88.21 1 0
github.com/davidop97/apiGo/internal/purchase_order/repository.go:92.119,106.18 2 0
github.com/davidop97/apiGo/internal/purchase_order/repository.go:106.18,108.3 1 0
github.com/davidop97/apiGo/internal/purchase_order/repository.go:110.2,114.16 3 0
github.com/davidop97/apiGo/internal/purchase_order/repository.go:114.16,116.3 1 0
github.com/davidop97/apiGo/internal/purchase_order/repository.go:118.2,123.18 3 0
github.com/davidop97/apiGo/internal/purchase_order/repository.go:123.18,129.17 3 0
github.com/davidop97/apiGo/internal/purchase_order/repository.go:129.17,131.4 1 0
github.com/davidop97/apiGo/internal/purchase_order/repository.go:133.3,133.32 1 0
github.com/davidop97/apiGo/internal/purchase_order/repository.go:137.2,137.35 1 0
github.com/davidop97/apiGo/internal/purchase_order/repository.go:137.35,139.3 1 0
github.com/davidop97/apiGo/internal/purchase_order/repository.go:142.2,142.21 1 0
github.com/davidop97/apiGo/internal/purchase_order/repository_mock.go:14.90,17.2 2 2
github.com/davidop97/apiGo/internal/purchase_order/repository_mock.go:19.91,22.2 2 5
github.com/davidop97/apiGo/internal/purchase_order/repository_mock.go:24.72,27.2 2 7
github.com/davidop97/apiGo/internal/purchase_order/repository_mock.go:29.81,32.2 2 3
github.com/davidop97/apiGo/internal/purchase_order/repository_mock.go:34.123,37.2 2 2
github.com/davidop97/apiGo/internal/purchase_order/service.go:30.39,32.2 1 8
github.com/davidop97/apiGo/internal/purchase_order/service.go:35.94,38.25 2 5
github.com/davidop97/apiGo/internal/purchase_order/service.go:38.25,40.3 1 1
github.com/davidop97/apiGo/internal/purchase_order/service.go:42.2,43.18 2 4
github.com/davidop97/apiGo/internal/purchase_order/service.go:43.18,45.3 1 1
github.com/davidop97/apiGo/internal/purchase_order/service.go:47.2,48.28 2 3
github.com/davidop97/apiGo/internal/purchase_order/service.go:48.28,50.3 1 1
github.com/davidop97/apiGo/internal/purchase_order/service.go:53.2,54.16 2 2
github.com/davidop97/apiGo/internal/purchase_order/service.go:54.16,56.3 1 1
github.com/davidop97/apiGo/internal/purchase_order/service.go:57.2,57.16 1 1
github.com/davidop97/apiGo/internal/purchase_order/service.go:61.115,64.18 1 3
github.com/davidop97/apiGo/internal/purchase_order/service.go:64.18,66.19 2 3
github.com/davidop97/apiGo/internal/purchase_order/service.go:66.19,68.4 1 1
github.com/davidop97/apiGo/internal/purchase_order/service.go:71.2,72.16 2 2
github.com/davidop97/apiGo/internal/purchase_order/service.go:72.16,74.3 1 1
github.com/davidop97/apiGo/internal/purchase_order/service.go:76.2,76.23 1 1
github.com/davidop97/apiGo/internal/purchase_order/service_mock.go:14.98,17.2 2 0
github.com/davidop97/apiGo/internal/purchase_order/service_mock.go:19.119,22.2 2 0
github.com/davidop97/apiGo/internal/section/repository.go:38.43,42.2 1 0
github.com/davidop97/apiGo/internal/section/repository.go:44.76,47.16 3 0
github.com/davidop97/apiGo/internal/section/repository.go:47.16,49.3 1 0
github.com/davidop97/apiGo/internal/section/repository.go:51.2,53.18 2 0
github.com/davidop97/apiGo/internal/section/repository.go:53.18,57.3 3 0
github.com/davidop97/apiGo/internal/section/repository.go:59.2,59.22 1 0
github.com/davidop97/apiGo/internal/section/repository.go:62.79,67.16 5 0
github.com/davidop97/apiGo/internal/section/repository.go:67.16,68.10 1 0
github.com/davidop97/apiGo/internal/section/repository.go:69.38,70.40 1 0
github.com/davidop97/apiGo/internal/section/repository.go:71.11,72.32 1 0
github.com/davidop97/apiGo/internal/section/repository.go:75.2,75.15 1 0
github.com/davidop97/apiGo/internal/section/repository.go:78.74,83.2 4 0
github.com/davidop97/apiGo/internal/section/repository.go:85.79,88.16 3 0
github.com/davidop97/apiGo/internal/section/repository.go:88.16,90.3 1 0
github.com/davidop97/apiGo/internal/section/repository.go:92.2,93.16 2 0
github.com/davidop97/apiGo/internal/section/repository.go:93.16,95.3 1 0
github.com/davidop97/apiGo/internal/section/repository.go:97.2,98.16 2 0
github.com/davidop97/apiGo/internal/section/repository.go:98.16,100.3 1 0
github.com/davidop97/apiGo/internal/section/repository.go:102.2,102.21 1 0
github.com/davidop97/apiGo/internal/section/repository.go:105.74,108.16 3 0
github.com/davidop97/apiGo/internal/section/repository.go:108.16,110.3 1 0
github.com/davidop97/apiGo/internal/section/repository.go:112.2,113.16 2 0
github.com/davidop97/apiGo/internal/section/repository.go:113.16,115.3 1 0
github.com/davidop97/apiGo/internal/section/repository.go:117.2,118.16 2 0
github.com/davidop97/apiGo/internal/section/repository.go:118.16,120.3 1 0
github.com/davidop97/apiGo/internal/section/repository.go:122.2,122.12 1 0
github.com/davidop97/apiGo/internal/section/repository.go:125.64,128.16 2 0
github.com/davidop97/apiGo/internal/section/repository.go:128.16,130.3 1 0
github.com/davidop97/apiGo/internal/section/repository.go:133.2,135.16 3 0
github.com/davidop97/apiGo/internal/section/repository.go:135.16,137.3 1 0
github.com/davidop97/apiGo/internal/section/repository.go:139.2,140.16 2 0
github.com/davidop97/apiGo/internal/section/repository.go:140.16,142.3 1 0
github.com/davidop97/apiGo/internal/section/repository.go:144.2,145.16 2 0
github.com/davidop97/apiGo/internal/section/repository.go:145.16,147.3 1 0
github.com/davidop97/apiGo/internal/section/repository.go:149.2,149.16 1 0
github.com/davidop97/apiGo/internal/section/repository.go:149.16,151.3 1 0
github.com/davidop97/apiGo/internal/section/repository.go:153.2,153.12 1 0
github.com/davidop97/apiGo/internal/section/repository.go:157.77,160.16 3 0
github.com/davidop97/apiGo/internal/section/repository.go:160.16,162.3 1 0
github.com/davidop97/apiGo/internal/section/repository.go:163.2,164.8 2 0
github.com/davidop97/apiGo/internal/section/repository.go:168.99,172.13 2 0
github.com/davidop97/apiGo/internal/section/repository.go:172.13,174.3 1 0
github.com/davidop97/apiGo/internal/section/repository.go:176.2,184.16 3 0
github.com/davidop97/apiGo/internal/section/repository.go:184.16,186.3 1 0
github.com/davidop97/apiGo/internal/section/repository.go:189.2,189.18 1 0
github.com/davidop97/apiGo/internal/section/repository.go:189.18,193.22 4 0
github.com/davidop97/apiGo/internal/section/repository.go:193.22,195.4 1 0
github.com/davidop97/apiGo/internal/section/repository.go:195.9,197.4 1 0
github.com/davidop97/apiGo/internal/section/repository.go:198.3,198.21 1 0
github.com/davidop97/apiGo/internal/section/repository.go:200.2,200.27 1 0
github.com/davidop97/apiGo/internal/section/repository.go:200.27,202.3 1 0
github.com/davidop97/apiGo/internal/section/repository.go:203.2,203.8 1 0
github.com/davidop97/apiGo/internal/section/repository_mock.go:14.80,17.2 2 1
github.com/davidop97/apiGo/internal/section/repository_mock.go:19.83,22.2 2 5
github.com/davidop97/apiGo/internal/section/repository_mock.go:24.83,27.2 2 1
github.com/davidop97/apiGo/internal/section/repository_mock.go:29.78,32.2 2 1
github.com/davidop97/apiGo/internal/section/repository_mock.go:34.68,37.2 2 2
github.com/davidop97/apiGo/internal/section/repository_mock.go:39.78,42.2 2 3
github.com/davidop97/apiGo/internal/section/repository_mock.go:44.97,47.2 2 1
github.com/davidop97/apiGo/internal/section/service.go:30.39,32.2 1 11
github.com/davidop97/apiGo/internal/section/service.go:35.79,38.2 2 1
github.com/davidop97/apiGo/internal/section/service.go:41.82,44.2 2 2
github.com/davidop97/apiGo/internal/section/service.go:47.86,50.12 2 2
github.com/davidop97/apiGo/internal/section/service.go:50.12,53.3 2 1
github.com/davidop97/apiGo/internal/section/service.go:55.2,56.8 2 1
github.com/davidop97/apiGo/internal/section/service.go:60.67,63.2 2 2
github.com/davidop97/apiGo/internal/section/service.go:66.80,70.16 2 3
github.com/davidop97/apiGo/internal/section/service.go:70.16,72.3 1 1
github.com/davidop97/apiGo/internal/section/service.go:74.2,74.45 1 2
github.com/davidop97/apiGo/internal/section/service.go:74.45,76.13 2 1
github.com/davidop97/apiGo/internal/section/service.go:76.13,79.4 2 1
github.com/davidop97/apiGo/internal/section/service.go:82.2,83.8 2 1
github.com/davidop97/apiGo/internal/section/service.go:88.96,91.2 2 1
github.com/davidop97/apiGo/internal/section/service_mock.go:14.77,17.2 2 0
github.com/davidop97/apiGo/internal/section/service_mock.go:19.80,22.2 2 0
github.com/davidop97/apiGo/internal/section/service_mock.go:24.80,27.2 2 0
github.com/davidop97/apiGo/internal/section/service_mock.go:29.75,32.2 2 0
github.com/davidop97/apiGo/internal/section/service_mock.go:34.65,37.2 2 0
github.com/davidop97/apiGo/internal/section/service_mock.go:39.94,42.2 2 0
github.com/davidop97/apiGo/internal/seller/repository.go:31.43,35.2 1 0
github.com/davidop97/apiGo/internal/seller/repository.go:39.75,44.16 3 0
github.com/davidop97/apiGo/internal/seller/repository.go:44.16,46.3 1 0
github.com/davidop97/apiGo/internal/seller/repository.go:48.2,50.18 2 0
github.com/davidop97/apiGo/internal/seller/repository.go:50.18,55.3 3 0
github.com/davidop97/apiGo/internal/seller/repository.go:57.2,57.35 1 0
github.com/davidop97/apiGo/internal/seller/repository.go:57.35,59.3 1 0
github.com/davidop97/apiGo/internal/seller/repository.go:61.2,61.23 1 0
github.com/davidop97/apiGo/internal/seller/repository.go:61.23,64.3 1 0
github.com/davidop97/apiGo/internal/seller/repository.go:66.2,66.21 1 0
github.com/davidop97/apiGo/internal/seller/repository.go:70.78,77.16 5 0
github.com/davidop97/apiGo/internal/seller/repository.go:77.16,79.36 1 0
github.com/davidop97/apiGo/internal/seller/repository.go:79.36,82.4 1 0
github.com/davidop97/apiGo/internal/seller/repository.go:84.3,84.30 1 0
github.com/davidop97/apiGo/internal/seller/repository.go:87.2,87.15 1 0
github.com/davidop97/apiGo/internal/seller/repository.go:90.64,95.2 4 0
github.com/davidop97/apiGo/internal/seller/repository.go:99.78,103.16 3 0
github.com/davidop97/apiGo/internal/seller/repository.go:103.16,105.3 1 0
github.com/davidop97/apiGo/internal/seller/repository.go:107.2,108.16 2 0
github.com/davidop97/apiGo/internal/seller/repository.go:108.16,110.3 1 0
github.com/davidop97/apiGo/internal/seller/repository.go:112.2,113.16 2 0
github.com/davidop97/apiGo/internal/seller/repository.go:113.16,115.3 1 0
github.com/davidop97/apiGo/internal/seller/repository.go:117.2,117.21 1 0
github.com/davidop97/apiGo/internal/seller/repository.go:122.73,126.16 3 0
github.com/davidop97/apiGo/internal/seller/repository.go:126.16,128.3 1 0
github.com/davidop97/apiGo/internal/seller/repository.go:131.2,132.16 2 0
github.com/davidop97/apiGo/internal/seller/repository.go:132.16,134.3 1 0
github.com/davidop97/apiGo/internal/seller/repository.go:137.2,138.16 2 0
github.com/davidop97/apiGo/internal/seller/repository.go:138.16,140.3 1 0
github.com/davidop97/apiGo/internal/seller/repository.go:143.2,143.12 1 0
github.com/davidop97/apiGo/internal/seller/repository.go:148.64,152.16 3 0
github.com/davidop97/apiGo/internal/seller/repository.go:152.16,154.3 1 0
github.com/davidop97/apiGo/internal/seller/repository.go:156.2,157.16 2 0
github.com/davidop97/apiGo/internal/seller/repository.go:157.16,159.3 1 0
github.com/davidop97/apiGo/internal/seller/repository.go:161.2,162.16 2 0
github.com/davidop97/apiGo/internal/seller/repository.go:162.16,164.3 1 0
github.com/davidop97/apiGo/internal/seller/repository.go:166.2,166.16 1 0
github.com/davidop97/apiGo/internal/seller/repository.go:166.16,168.3 1 0
github.com/davidop97/apiGo/internal/seller/repository.go:170.2,170.12 1 0
github.com/davidop97/apiGo/internal/seller/repository.go:174.80,179.2 4 0
github.com/davidop97/apiGo/internal/seller/repository_mock.go:15.42,17.2 1 14
github.com/davidop97/apiGo/internal/seller/repository_mock.go:19.85,22.2 2 1
github.com/davidop97/apiGo/internal/seller/repository_mock.go:24.88,27.2 2 6
github.com/davidop97/apiGo/internal/seller/repository_mock.go:29.68,32.2 2 3
github.com/davidop97/apiGo/internal/seller/repository_mock.go:34.89,37.2 2 2
github.com/davidop97/apiGo/internal/seller/repository_mock.go:39.83,42.2 2 2
github.com/davidop97/apiGo/internal/seller/repository_mock.go:44.74,47.2 2 3
github.com/davidop97/apiGo/internal/seller/repository_mock.go:49.84,52.2 2 2
github.com/davidop97/apiGo/internal/seller/seller_service_mock.go:17.36,19.2 1 0
github.com/davidop97/apiGo/internal/seller/seller_service_mock.go:22.89,27.2 2 0
github.com/davidop97/apiGo/internal/seller/seller_service_mock.go:30.95,35.2 2 0
github.com/davidop97/apiGo/internal/seller/seller_service_mock.go:38.91,43.2 2 0
github.com/davidop97/apiGo/internal/seller/seller_service_mock.go:46.93,51.2 2 0
github.com/davidop97/apiGo/internal/seller/seller_service_mock.go:54.71,59.2 2 0
github.com/davidop97/apiGo/internal/seller/seller_service_mock.go:63.81,68.2 2 0
github.com/davidop97/apiGo/internal/seller/service.go:31.39,33.2 1 14
github.com/davidop97/apiGo/internal/seller/service.go:36.78,39.2 2 1
github.com/davidop97/apiGo/internal/seller/service.go:42.84,45.2 2 2
github.com/davidop97/apiGo/internal/seller/service.go:48.80,51.11 2 3
github.com/davidop97/apiGo/internal/seller/service.go:51.11,54.3 1 1
github.com/davidop97/apiGo/internal/seller/service.go:56.2,57.16 2 2
github.com/davidop97/apiGo/internal/seller/service.go:57.16,60.3 1 1
github.com/davidop97/apiGo/internal/seller/service.go:62.2,62.23 1 1
github.com/davidop97/apiGo/internal/seller/service.go:68.61,71.16 2 4
github.com/davidop97/apiGo/internal/seller/service.go:71.16,75.3 1 1
github.com/davidop97/apiGo/internal/seller/service.go:77.2,78.17 2 3
github.com/davidop97/apiGo/internal/seller/service.go:78.17,80.35 1 2
github.com/davidop97/apiGo/internal/seller/service.go:80.35,82.4 1 1
github.com/davidop97/apiGo/internal/seller/service.go:84.3,84.14 1 1
github.com/davidop97/apiGo/internal/seller/service.go:87.2,87.12 1 1
github.com/davidop97/apiGo/internal/seller/service.go:91.83,94.2 2 2
github.com/davidop97/apiGo/internal/seller/service.go:97.77,100.2 2 2
github.com/davidop97/apiGo/internal/warehouse/repository.go:24.43,28.2 1 0
github.com/davidop97/apiGo/internal/warehouse/repository.go:30.78,33.16 3 0
github.com/davidop97/apiGo/internal/warehouse/repository.go:33.16,35.3 1 0
github.com/davidop97/apiGo/internal/warehouse/repository.go:37.2,39.18 2 0
github.com/davidop97/apiGo/internal/warehouse/repository.go:39.18,43.3 3 0
github.com/davidop97/apiGo/internal/warehouse/repository.go:45.2,45.24 1 0
github.com/davidop97/apiGo/internal/warehouse/repository.go:48.81,53.16 5 0
github.com/davidop97/apiGo/internal/warehouse/repository.go:53.16,55.3 1 0
github.com/davidop97/apiGo/internal/warehouse/repository.go:57.2,57.15 1 0
github.com/davidop97/apiGo/internal/warehouse/repository.go:60.77,65.2 4 0
github.com/davidop97/apiGo/internal/warehouse/repository.go:67.81,68.36 1 0
github.com/davidop97/apiGo/internal/warehouse/repository.go:68.36,70.3 1 0
github.com/davidop97/apiGo/internal/warehouse/repository.go:72.2,74.16 3 0
github.com/davidop97/apiGo/internal/warehouse/repository.go:74.16,76.3 1 0
github.com/davidop97/apiGo/internal/warehouse/repository.go:78.2,79.16 2 0
github.com/davidop97/apiGo/internal/warehouse/repository.go:79.16,81.3 1 0
github.com/davidop97/apiGo/internal/warehouse/repository.go:83.2,84.16 2 0
github.com/davidop97/apiGo/internal/warehouse/repository.go:84.16,86.3 1 0
github.com/davidop97/apiGo/internal/warehouse/repository.go:88.2,88.21 1 0
github.com/davidop97/apiGo/internal/warehouse/repository.go:91.76,94.16 3 0
github.com/davidop97/apiGo/internal/warehouse/repository.go:94.16,96.3 1 0
github.com/davidop97/apiGo/internal/warehouse/repository.go:98.2,99.16 2 0
github.com/davidop97/apiGo/internal/warehouse/repository.go:99.16,101.3 1 0
github.com/davidop97/apiGo/internal/warehouse/repository.go:103.2,104.16 2 0
github.com/davidop97/apiGo/internal/warehouse/repository.go:104.16,106.3 1 0
github.com/davidop97/apiGo/internal/warehouse/repository.go:108.2,108.12 1 0
github.com/davidop97/apiGo/internal/warehouse/repository.go:111.64,114.16 3 0
github.com/davidop97/apiGo/internal/warehouse/repository.go:114.16,116.3 1 0
github.com/davidop97/apiGo/internal/warehouse/repository.go:118.2,119.16 2 0
github.com/davidop97/apiGo/internal/warehouse/repository.go:119.16,121.3 1 0
github.com/davidop97/apiGo/internal/warehouse/repository.go:123.2,124.16 2 0
github.com/davidop97/apiGo/internal/warehouse/repository.go:124.16,126.3 1 0
github.com/davidop97/apiGo/internal/warehouse/repository.go:128.2,128.16 1 0
github.com/davidop97/apiGo/internal/warehouse/repository.go:128.16,130.3 1 0
github.com/davidop97/apiGo/internal/warehouse/repository.go:132.2,132.12 1 0
github.com/davidop97/apiGo/internal/warehouse/repository_mock.go:14.82,17.2 2 1
github.com/davidop97/apiGo/internal/warehouse/repository_mock.go:19.85,22.2 2 2
github.com/davidop97/apiGo/internal/warehouse/repository_mock.go:24.81,27.2 2 0
github.com/davidop97/apiGo/internal/warehouse/repository_mock.go:29.85,32.2 2 2
github.com/davidop97/apiGo/internal/warehouse/repository_mock.go:34.80,37.2 2 2
github.com/davidop97/apiGo/internal/warehouse/repository_mock.go:39.68,42.2 2 2
github.com/davidop97/apiGo/internal/warehouse/service.go:29.39,31.2 1 9
github.com/davidop97/apiGo/internal/warehouse/service.go:34.75,36.16 2 1
github.com/davidop97/apiGo/internal/warehouse/service.go:36.16,38.3 1 0
github.com/davidop97/apiGo/internal/warehouse/service.go:40.2,40.24 1 1
github.com/davidop97/apiGo/internal/warehouse/service.go:44.78,46.16 2 2
github.com/davidop97/apiGo/internal/warehouse/service.go:46.16,48.3 1 1
github.com/davidop97/apiGo/internal/warehouse/service.go:50.2,50.23 1 1
github.com/davidop97/apiGo/internal/warehouse/service.go:54.78,56.70 1 2
github.com/davidop97/apiGo/internal/warehouse/service.go:56.70,57.14 1 6
github.com/davidop97/apiGo/internal/warehouse/service.go:57.14,59.4 1 0
github.com/davidop97/apiGo/internal/warehouse/service.go:61.2,61.27 1 2
github.com/davidop97/apiGo/internal/warehouse/service.go:61.27,63.3 1 0
github.com/davidop97/apiGo/internal/warehouse/service.go:65.2,66.16 2 2
github.com/davidop97/apiGo/internal/warehouse/service.go:66.16,68.3 1 1
github.com/davidop97/apiGo/internal/warehouse/service.go:70.2,70.16 1 1
github.com/davidop97/apiGo/internal/warehouse/service.go:74.61,76.16 2 2
github.com/davidop97/apiGo/internal/warehouse/service.go:76.16,78.3 1 1
github.com/davidop97/apiGo/internal/warehouse/service.go:79.2,79.12 1 1
github.com/davidop97/apiGo/internal/warehouse/service.go:83.73,85.70 1 2
github.com/davidop97/apiGo/internal/warehouse/service.go:85.70,86.14 1 6
github.com/davidop97/apiGo/internal/warehouse/service.go:86.14,88.4 1 0
github.com/davidop97/apiGo/internal/warehouse/service.go:90.2,90.27 1 2
github.com/davidop97/apiGo/internal/warehouse/service.go:90.27,92.3 1 0
github.com/davidop97/apiGo/internal/warehouse/service.go:94.2,95.16 2 2
github.com/davidop97/apiGo/internal/warehouse/service.go:95.16,97.3 1 1
github.com/davidop97/apiGo/internal/warehouse/service.go:99.2,99.12 1 1
github.com/davidop97/apiGo/internal/warehouse/service_mock.go:14.79,17.2 2 0
github.com/davidop97/apiGo/internal/warehouse/service_mock.go:19.82,22.2 2 0
github.com/davidop97/apiGo/internal/warehouse/service_mock.go:24.82,27.2 2 0
github.com/davidop97/apiGo/internal/warehouse/service_mock.go:29.65,32.2 2 0
github.com/davidop97/apiGo/internal/warehouse/service_mock.go:34.77,37.2 2 0
